WONB13	-0.7285014347862522	-1.1020166544954135	0	-0.011212565213747805	-0.012407345504586553	0.00007
WONB15	-2.009641125397666	-0.9858930871786581	0	-0.033708874602334404	-0.01507391282134185	0.00007
WONB32	-1.0194645202599721	-0.5235573633982024	0	-0.010814479740027805	-0.005297636601797606	0.00007
WONB33	-0.08976568668352916	-0.624222826503627	0	-0.0011453133164708446	-0.0016361734963730168	0.00007
WONB35	-2.0123558617829382	-0.23393057165231063	0	-0.032550138217061875	-0.004819428347689364	0.00007
WONB43	-1.5323691063430471	-0.40840385699549187	0	-0.023156893656952837	-0.006479143004508137	0.00007
WONB13_1	-0.6877254765544033	-1.0319941069162588	0	-0.009491523445596672	-0.010640893083741165	0.00007
WONB13_2	-0.6742706991772444	-1.0862602291867658	0	-0.009975300822755662	-0.011648770813234233	0.00007
WONB13_3	-0.6608024771235779	-1.1410238887155164	0	-0.010199522876422118	-0.01266211128448358	0.00007
WONB13_5	-0.7828425221485658	-1.1178817860060262	0	-0.011933477851434282	-0.012768213993973765	0.00007
WONB13_B1	-0.7420868469622806	-1.0476571581380372	0	-0.01069315303771945	-0.011161841861962785	0.00007
WONB13_B5	-0.812880416632467	-1.071042582643047	-4.440892098500626e-16	-0.012249583367533012	-0.01242941735695302	0.00007000000000044408
WONB13_B11	-0.805770873034296	-1.1702260865426404	0	-0.012798126965704038	-0.01412891345735967	0.00007
WONB15_1	-2.07870689016416	-0.9496881956310994	0	-0.03408510983583968	-0.015088804368900588	0.00007
WONB15_2	-2.023195916333635	-0.9317979848357735	0	-0.033386083666365085	-0.014224015164226556	0.00007
WONB15_3	-1.9680896570926798	-0.9136236562916789	0	-0.033066342907320134	-0.01431834370832119	0.00007
WONB15_5	-1.99438765129356	-1.039830586184153	0	-0.03354634870644002	-0.01607741381584704	0.00007
WONB15_B1	-2.065423594829814	-1.0040901780587583	4.440892098500626e-16	-0.03424540517018615	-0.015481821941241591	0.0000699999999995559
WONB15_B5	-2.0423772333021173	-1.0747542611169942	0	-0.033908766697882786	-0.016700738883005828	0.00007
WONB15_B13	-1.9386348670008673	-1.021484159731154	0	-0.03284513299913261	-0.016106840268846012	0.00007
WONB32_1	-1.029356774300552	-0.4471187311076642	4.440892098500626e-16	-0.011073225699447908	-0.004097268892335804	0.0000699999999995559
WONB32_2	-0.9858503872919417	-0.47931964716671294	0	-0.00910461270805829	-0.004728352833287042	0.00007
WONB32_3	-0.942269003618985	-0.5116194594712081	0	-0.009784996381014932	-0.004758540528791877	0.00007
WONB32_5	-1.0532798444791258	-0.5681911637597569	0	-0.012439155520874268	-0.00585383624024316	0.00007
WONB32_B1	-1.0631435461549077	-0.49143240754241835	0	-0.011624453845092253	-0.00529859245758163	0.00007
WONB32_B8	-1.0961681155470773	-0.6042882026446076	0	-0.01372888445292264	-0.006714797355392377	0.00007
WONB32_B12	-1.0235394563224056	-0.6134692740014139	0	-0.011665543677594314	-0.00643972599858611	0.00007
WONB33_1	-0.06281637114811309	-0.5517267586309506	0	-0.0009836288518869085	-0.0010112413690493982	0.00007
WONB33_2	-0.0403509228351941	-0.6013637734097829	0	-0.0009110771648059013	-0.0014012265902171306	0.00007
WONB33_3	-0.01825153890117448	-0.6512802767665913	0	-0.0009014610988255199	-0.0016047232334087669	0.00007
WONB33_5	-0.1390320084669864	-0.6468320775938463	0	-0.001428991533013596	-0.0019009224061536933	0.00007
WONB33_B1	-0.11185858933303283	-0.5742389957026257	0	-0.001203410666967164	-0.001448004297374239	0.00007
WONB33_B8	-0.19248962951744497	-0.6576278500297376	0	-0.0014993704825550236	-0.002050149970262427	0.00007
WONB33_B13	-0.1170389460204434	-0.696909060980087	0	-0.0015830539795566034	-0.0022019390199130573	0.00007
WONB35_1	-2.0014212982496566	-0.15713193843740758	0	-0.03231170175034315	-0.0036670615625924163	0.00007
WONB35_2	-1.9676479966315155	-0.19829728382297754	0	-0.0319260033684845	-0.0044267161770224495	0.00007
WONB35_3	-1.933777131641127	-0.24004745752056322	0	-0.031584868358873086	-0.004729542479436771	0.00007
WONB35_5	-2.0557154735277576	-0.26955070292767336	0	-0.033472526472242414	-0.0055782970723266545	0.00007
WONB35_B1	-2.045592942392638	-0.19230125923186905	0	-0.03333405760736241	-0.004272740768130945	0.00007
WONB35_B8	-2.10563872695687	-0.2952029848953598	0	-0.03410827304312969	-0.006236015104640225	0.00007
WONB35_B15	-1.995155859892455	-0.2849397601378588	0	-0.032617140107544795	-0.005475239862141157	0.00007
WONB37_1	-1.1859990563492793	-0.0012983705642470832	0	-0.012694943650720658	-0.0005726294357529169	0.00007
WONB43_1	-1.5833913351086086	-0.3530341930454487	0	-0.024183664891391343	-0.005930806954551282	0.00007
WONB43_2	-1.5286949118565716	-0.3535220354342473	0	-0.02244708814342844	-0.0059049645657526795	0.00007
WONB43_3	-1.4735702706453204	-0.3536772388858014	0	-0.021301729354679555	-0.005862761114198645	0.00007
WONB43_5	-1.5352346791818285	-0.4636588525373564	0	-0.02329432081817151	-0.007372147462643586	0.00007
WONB43_B1	-1.5878017072148891	-0.4078049664983304	-4.440892098500626e-16	-0.024199292785110904	-0.006818033501669596	0.00007000000000044408
WONB43_B11	-1.4936452812526813	-0.4980860447675508	0	-0.022708718747318724	-0.007681955232449189	0.00007
WONB43_B14	-1.481974605328853	-0.4456827565181778	0	-0.022091394671146958	-0.006918243481822184	0.00007