WONB3	-1.0120194293193654	-0.7781059583934696	0	-0.011430570680634577	-0.006957041606530323	0.00007
WONB5	-1.9978958573380616	-0.7336727973403797	0	-0.03185414266193831	-0.010273202659620284	0.00007
WONB20	-0.49448550718902223	-0.17980879285559087	-4.440892098500626e-16	-0.0013304928109777459	-0.0006762071444091355	0.00007000000000044408
WONB21	-2.2723404369384985	-0.4082162010204795	4.440892098500626e-16	-0.03541056306150159	-0.005332798979520492	0.0000699999999995559
WONB22	-1.8607655571241302	-1.26576265101953	0	-0.027560442875869784	-0.017527348980470148	0.00007
WONB34	-1.8445632947782844	-0.05658082314872638	0	-0.029352705221715514	-0.0003491768512736207	0.00007
WONB38	-1.6580696064754488	-0.5770725425622092	0	-0.02547039352455127	-0.007522457437790786	0.00007
WONB20_1	-0.5146626383424883	-0.08732686599560867	-4.440892098500626e-16	-0.0015363616575116978	-0.0006711340043913383	0.00007000000000044408
WONB20_2	-0.46413037416100184	-0.11548551175084991	-4.440892098500626e-16	-0.0012876258389981632	-0.0004784882491500886	0.00007000000000044408
WONB20_3	-0.4130684402893142	-0.14364063244508019	0	-0.0010085597106857525	-0.0004583675549198196	0.00007
WONB20_5	-0.5224076365017521	-0.24491329373229284	-4.440892098500626e-16	-0.0018143634982478174	-0.0008097062677071554	0.00007000000000044408
WONB20_B1	-0.5448161385194241	-0.1514400870332183	-4.440892098500626e-16	-0.0018868614805759298	-0.0008169129667817132	0.00007000000000044408
WONB20_B6	-0.5786523393153563	-0.26211708250735755	-4.440892098500626e-16	-0.002170660684643666	-0.0009509174926424779	0.00007000000000044408
WONB20_B11	-0.49982066668456343	-0.30852774199582955	0	-0.0017383333154365466	-0.0009192580041704757	0.00007
WONB21_3	-2.2834741636853377	-0.3479316321579834	0	-0.035858836314662135	-0.004434367842016618	0.00007
WONB21_B1	-2.2883441318363724	-0.45409523370460647	0	-0.0352878681636275	-0.005789766295393517	0.00007
WONB21_B6	-2.2391196380974074	-0.4681541403401799	-4.440892098500626e-16	-0.034606361902592475	-0.006061859659820146	0.00007000000000044408
WONB21_B12	-2.221344440358959	-0.3837354154746574	0	-0.03493955964104112	-0.004994584525342627	0.00007
WONB22_3	-1.910848826375367	-1.2785310471758646	0	-0.027884173624633135	-0.01734795282413537	0.00007
WONB22_5	-1.8361938376744233	-1.2193723829419392	0	-0.027369162325576735	-0.016522617058060796	0.00007
WONB22_B6	-1.8001662737114692	-1.2165933509319917	-4.440892098500626e-16	-0.026995726288530753	-0.01677264906800824	0.00007000000000044408
WONB34_1	-1.8418087633052147	-0.12592221543781257	0	-0.029474236694785327	-0.001647784562187421	0.00007
WONB34_2	-1.8664185910420332	-0.09957031222462175	4.440892098500626e-16	-0.030336408957966743	-0.0011736877753782543	0.0000699999999995559
WONB34_3	-1.8900669237773178	-0.07352803813969203	0	-0.03068407622268232	-0.0009479618603079748	0.00007
WONB34_5	-1.8208897893710176	-0.013561628714289335	0	-0.029159210628982413	0.00021662871428933597	0.00007
WONB34_B1	-1.8199341384650283	-0.0827803527071044	0	-0.029078861534971745	-0.0006836472928955922	0.00007
WONB34_B14	-1.852055158446758	-0.003375879950077895	0	-0.029652841553241993	0.0002778799500778948	0.00007
WONB38_1	-1.7049710829825917	-0.6171020590277769	0	-0.026588917017408287	-0.008172940972223097	0.00007
WONB38_2	-1.6904966276136746	-0.5642017969266448	0	-0.025933372386325315	-0.006923203073355144	0.00007
WONB38_3	-1.67572889206095	-0.5113419278558008	0	-0.025489107939049793	-0.006370072144199157	0.00007
WONB38_5	-1.6230971381064383	-0.5901422914536864	0	-0.02467886189356161	-0.00766170854631365	0.00007
WONB38_B1	-1.6727127013828595	-0.6303807323415684	0	-0.02568929861714042	-0.008372267658431576	0.00007
WONB38_B9	-1.5845201202052703	-0.5909655798353121	0	-0.024367879794729763	-0.00731642016468792	0.00007
WONB38_B14	-1.6212389193381544	-0.5353926866431405	0	-0.024878080661845603	-0.006654313356859398	0.00007
WONB3_1	-1.0384604176737888	-0.7011253147759544	-4.440892098500626e-16	-0.011760582326211244	-0.006276685224045564	0.00007000000000044408
WONB3_2	-0.9951049428589482	-0.7186028694597676	0	-0.010716057141051838	-0.006059130540232438	0.00007
WONB3_3	-0.9496291390093732	-0.7361618363974741	0	-0.01000286099062686	-0.006046163602525856	0.00007
WONB3_5	-1.028904344728044	-0.8378551178459586	0	-0.012071655271955972	-0.008250882154041461	0.00007
WONB3_B1	-1.0561607680777931	-0.7604012250031962	0	-0.012193231922206893	-0.0070507749968038436	0.00007
WONB3_B4	-1.0733622874299975	-0.8195072025938125	0	-0.012733712570002442	-0.008307797406187478	0.00007
WONB3_B9	-1.0346858785649726	-0.900348001402419	-4.440892098500626e-16	-0.011943121435027404	-0.009028998597580995	0.00007000000000044408
WONB46_2	-0.010367137185800936	-1.28650994659361	0	0.00018813718580093508	-0.01086505340638988	0.00007
WONB46_3	-0.015776773680885307	-1.2117332929338729	0	0.00034277368088530755	-0.009353707066127148	0.00007
WONB5_1	-2.0251294377616023	-0.6814902164786492	0	-0.032867562238397596	-0.009439783521350886	0.00007
WONB5_2	-1.9923699402996307	-0.681406676401421	0	-0.03208205970036948	-0.009291323598578982	0.00007
WONB5_3	-1.9589242898117796	-0.6815814439894123	0	-0.030917710188220537	-0.009294556010587707	0.00007
WONB5_5	-2.0033252311892102	-0.786308880537807	0	-0.032201768810789844	-0.010977119462193041	0.00007
WONB5_B1	-2.0310702540432457	-0.7333707863769042	0	-0.03284474595675446	-0.010133213623095827	0.00007
WONB5_B4	-2.0364437058502403	-0.7854061490185797	0	-0.03246429414975971	-0.011194850981420257	0.00007
WONB5_B11	-1.9807423864446339	-0.8197676282855142	0	-0.03137561355536622	-0.012035371714485765	0.00007