45	-1.291836511820176	-0.5223823557733183	0	-0.02136348817982392	-0.0012176442266816911	0.00042
47	-1.0689942637151826	-0.49979429040688717	-4.440892098500626e-16	-0.016005736284817385	-0.012605709593112802	0.0004200000000004441
48	-0.9742916295811601	-0.44088657280598886	0	-0.006408370418839904	-0.009913427194011115	0.00042
WONB3	-0.7471181827191669	-0.5964259835045105	0	-0.004419817280833183	-0.0025840164954895606	0.00007
WONB5	-1.5431471266030194	-1.2197505434809093	0	-0.025824873396980585	-0.01834345651909075	0.00007
WONB25	-0.2949849695189272	-0.9827213392395412	0	-0.0027940304810727956	-0.005345660760458837	0.00007
WONB34	-1.7096181794556948	-0.5908489674864708	0	-0.02616082054430513	-0.0068360325135292666	0.00007
WONB38	-1.3393270851434442	-0.866886045233359	0	-0.01885691485655583	-0.010758954766641016	0.00007
WONB41	-2.2337690255725677	-0.15934872037683825	0	-0.03435297442743224	-0.0005082796231617448	0.00007
WONB47	-1.4664015943072721	-0.23638271089453589	0	-0.018891405692727847	-0.0015602891054641022	0.00007
WONB48	-1.8996973182482424	-0.14486303256855995	0	-0.028835681751757658	-0.0013509674314400588	0.00007
WONB49	-2.089897104926973	-0.6383531203678268	-4.440892098500626e-16	-0.033619895073027095	-0.008177879632173202	0.00007000000000044408
WONB21_1	-1.9284514423210708	-1.1971837966193555	0	-0.03214455767892921	-0.01755820338064451	0.00007
WONB21_B6	-1.8539095150687828	-1.1701730037698836	0	-0.031433484931217226	-0.01919899623011645	0.00007
WONB25_1	-0.2670450183240513	-1.0680084219458958	0	-0.0030819816759486973	-0.007507578054104069	0.00007
WONB25_2	-0.31381604580498845	-1.0362795496220132	0	-0.003382954195011556	-0.006797450377986847	0.00007
WONB25_3	-0.3597362140719154	-1.0048071426267609	0	-0.00328878592808457	-0.00621085737323912	0.00007
WONB25_5	-0.2742865338542964	-0.9280779106025834	0	-0.002203466145703603	-0.004539089397416651	0.00007
WONB25_B1	-0.24825164474113315	-1.0141258509613111	0	-0.0028873552588668527	-0.006335149038688925	0.00007
WONB25_B7	-0.23126731831664615	-0.8981605413830295	0	-0.0012946816833538377	-0.0036484586169704958	0.00007
WONB25_B10	-0.28161742478237156	-0.8652487532826874	0	-0.0021875752176284124	-0.0038082467173126133	0.00007
WONB27_3	-1.3423299168743348	-0.015489510201628393	0	-0.015565083125665291	0.001136510201628393	0.00007
WONB34_2	-1.7087907866102499	-0.6385460422444684	-4.440892098500626e-16	-0.025584213389750143	-0.008138957755531528	0.00007000000000044408
WONB34_3	-1.7386167210204329	-0.6342801506627513	4.440892098500626e-16	-0.026789278979567177	-0.007912849337248673	0.0000699999999995559
WONB34_5	-1.708890344630275	-0.5426629913874144	4.440892098500626e-16	-0.02464065536972493	-0.006085008612585652	0.0000699999999995559
WONB34_B8	-1.7013472575944346	-0.49655014295721145	4.440892098500626e-16	-0.0248397424055653	-0.005234857042788588	0.0000699999999995559
WONB34_B14	-1.7380035370954314	-0.5550770123193094	-4.440892098500626e-16	-0.02678046290456848	-0.006867987680690635	0.00007000000000044408
WONB38_1	-1.3590435413346897	-0.929946163377751	4.440892098500626e-16	-0.020180458665310264	-0.011801836622248985	0.0000699999999995559
WONB38_2	-1.370420891828664	-0.8793427033599608	0	-0.019298108171335926	-0.010415296640039262	0.00007
WONB38_3	-1.381472306912641	-0.8289059688426379	0	-0.019577693087359016	-0.009469031157362084	0.00007
WONB38_5	-1.3059395101572553	-0.85386523515357	0	-0.017709489842744786	-0.00944176484643	0.00007
WONB38_B1	-1.3278591847801666	-0.9178897107520106	0	-0.01877681521983332	-0.011263289247989361	0.00007
WONB38_B14	-1.3281909691089833	-0.8102546522139926	0	-0.017753030891016763	-0.009552347786007331	0.00007
WONB3_1	-0.8012634368997121	-0.5555445843620804	0	-0.0051585631002878385	-0.0026914156379195253	0.00007
WONB3_2	-0.7602679087107356	-0.5406670373057755	0	-0.004276091289264428	-0.0020429626942245482	0.00007
WONB3_3	-0.7174141610507818	-0.5253431433771462	0	-0.0037858389492181344	-0.0015838566228538742	0.00007
WONB3_5	-0.7337633898325162	-0.6526403957081359	0	-0.004947610167483796	-0.0029076042918640965	0.00007
WONB3_B1	-0.7890175415147455	-0.6112464284013289	4.440892098500626e-16	-0.005363458485254546	-0.002914571598671034	0.0000699999999995559
WONB3_B4	-0.7763311059835213	-0.6669870761147556	0	-0.005560894016478746	-0.0032029238852443465	0.00007
WONB3_B9	-0.710466919915345	-0.7042901492380998	0	-0.004621080084654894	-0.003214850761900201	0.00007
WONB41_1	-2.255024995816707	-0.20870498582719182	0	-0.036240004183293095	-0.002110014172808178	0.00007
WONB41_2	-2.258291108320091	-0.1669271950883046	0	-0.03649389167990913	-0.0017928049116954226	0.00007
WONB41_B1	-2.229855782792843	-0.20192224475988876	0	-0.03571021720715706	-0.0020427552401112437	0.00007
WONB41_B10	-2.189033914619217	-0.12230676398429927	0	-0.03464308538078287	-0.0005962360157007324	0.00007
WONB41_B14	-2.2215976153418415	-0.11393678712668391	0	-0.03543638465815846	-0.0010042128733160904	0.00007
WONB47_1	-1.4291281488179557	-0.2852365044816664	0	-0.01775985118204426	-0.0022424955183336093	0.00007
WONB47_2	-1.4627416729664715	-0.28696882368698573	0	-0.018835327033528415	-0.0021761763130142553	0.00007
WONB47_3	-1.4965811237436246	-0.2890087833423286	0	-0.019744876256375443	-0.002064216657671425	0.00007
WONB47_5	-1.468396232896969	-0.1857533421831331	0	-0.01903576710303101	-0.0004186578168668964	0.00007
WONB47_B9	-1.4781511164234604	-0.13703773181453477	0	-0.019100883576539607	-0.00026526818546523945	0.00007
WONB48_1	-1.8647177680713511	-0.17938790247937075	0	-0.02843523192864894	-0.0024910975206292596	0.00007
WONB48_2	-1.891398253956659	-0.18990150205492312	0	-0.02862874604334098	-0.0018644979450768706	0.00007
WONB48_3	-1.9182373096585281	-0.2002847355152661	0	-0.03026069034147194	-0.0019142644847338908	0.00007
WONB48_B2	-1.8760435727536087	-0.11990257276223297	0	-0.028579427246391287	-0.0014304272377670263	0.00007
WONB48_B10	-1.9245353829424545	-0.06794208768961608	0	-0.030335617057545505	-0.00032991231038391466	0.00007
WONB49_1	-2.1257067129540417	-0.6468810332068161	4.440892098500626e-16	-0.034266287045958244	-0.00900196679318388	0.0000699999999995559
WONB49_B2	-2.09676587617617	-0.6808825360414186	-4.440892098500626e-16	-0.033466123823830074	-0.009622463958581462	0.00007000000000044408
WONB49_B5	-2.0733590970715023	-0.7082824864425826	0	-0.032821902928497515	-0.0096615135574174	0.00007
WONB5_3	-1.534243164185946	-1.1521447484027985	0	-0.026602835814053982	-0.021387251597201562	0.00007
WONB5_B4	-1.5518874049882885	-1.287155184679039	4.440892098500626e-16	-0.026302595011711505	-0.017535815320961046	0.0000699999999995559