WONB20	-1.0037012087916526	-0.5571592381888283	0	-0.008297791208347505	-0.005244761811171728	0.00007
WONB25	-1.566345357769287	-0.8006868662916925	0	-0.023530642230713106	-0.01180613370830752	0.00007
WONB29	-2.189332612392397	-0.44007756752525173	4.440892098500626e-16	-0.03682738760760307	-0.005892432474748244	0.0000699999999995559
WONB32	-0.1162995159964045	-0.5199268686121236	0	0.0009755159964045107	-0.00040213138787648095	0.00007
WONB37	-0.45378136923787044	-1.1402160945423	0	-0.002970630762129556	-0.010680905457699952	0.00007
WONB20_1	-0.9652200070151935	-0.4807969765419159	0	-0.007044992984806542	-0.003688023458084111	0.00007
WONB20_2	-0.9563570796298998	-0.5433023327756475	0	-0.006725920370100225	-0.004719667224352464	0.00007
WONB20_3	-0.9478059802583173	-0.6062352639321715	0	-0.006985019741682641	-0.005800736067828494	0.00007
WONB20_5	-1.0479410772228834	-0.5709314841173464	0	-0.009166922777116504	-0.005571515882653588	0.00007
WONB20_B1	-1.01248720997533	-0.4950737789879487	0	-0.008052790024670076	-0.004211221012051292	0.00007
WONB20_B6	-1.081394882523358	-0.531096697285242	0	-0.010434117476642024	-0.005330302714757984	0.00007
WONB20_B11	-1.0681616503107332	-0.6277468436285819	0	-0.010187349689266822	-0.006420156371418129	0.00007
WONB25_1	-1.6086890648310845	-0.8315890009872963	0	-0.025201935168915446	-0.011802999012703763	0.00007
WONB25_2	-1.5968805456872401	-0.7827412206126594	0	-0.024413454312759875	-0.011359779387340563	0.00007
WONB25_3	-1.5845538150241156	-0.7335412633782116	0	-0.02450118497588427	-0.01044673662178841	0.00007
WONB25_B1	-1.5786606084281884	-0.849993285366284	0	-0.023634391571811575	-0.012328714633715987	0.00007
WONB25_B7	-1.511264681361307	-0.8606883182185907	0	-0.022313318638693014	-0.012339681781409317	0.00007
WONB29_1	-2.213126349165774	-0.49118684150279224	0	-0.03944365083422596	-0.005983158497207763	0.00007
WONB29_3	-2.2144607599182327	-0.40151894737319493	4.440892098500626e-16	-0.03957124008176738	-0.005148052626805066	0.0000699999999995559
WONB29_B1	-2.1894623073025885	-0.485325163607341	0	-0.03684969269741156	-0.00652783639265897	0.00007
WONB32_1	-0.17136383383177833	-0.5853641937492133	0	0.0007708338317783392	-0.001128806250786707	0.00007
WONB32_2	-0.17097545823797863	-0.5202691038649689	0	0.0006604582379786395	-0.0010248961350310948	0.00007
WONB32_3	-0.1719243436195249	-0.4550094004738432	0	0.0009793436195248972	-0.0009405995261568267	0.00007
WONB32_5	-0.060251768902450466	-0.5195287382377726	0	0.0010917689024504684	-0.0005422617622273807	0.00007
WONB32_B1	-0.11659454448394266	-0.5855163233270184	0	0.0008085444839426581	-0.0010966766729816335	0.00007
WONB32_B8	-0.005184926139505303	-0.534250492038347	0	0.0012099261395053023	-0.0009055079616530071	0.00007
WONB32_B12	-0.043278482741912865	-0.45686802657062686	0	0.001292482741912862	-0.00041997342937311055	0.00007
WONB37_1	-0.42412488386268415	-1.0549055760210808	0	-0.0027041161373158595	-0.009097423978919217	0.00007
WONB37_2	-0.4024636249507616	-1.1154415428807394	0	-0.0020833750492383896	-0.009944457119260619	0.00007
WONB37_3	-0.3804150202538605	-1.1767917507656798	0	-0.002494979746139492	-0.01089524923432017	0.00007
WONB37_5	-0.5001461492510273	-1.1634967574879942	0	-0.003936850748972653	-0.011767242512005893	0.00007
WONB37_B1	-0.4751161244165398	-1.0797252141288762	0	-0.003142875583460214	-0.009240785871123869	0.00007
WONB37_B9	-0.5371261893129275	-1.1990186869575898	0	-0.004774810687072417	-0.01238831304241006	0.00007
WONB37_B13	-0.47896140621790767	-1.2244643974060831	0	-0.0041725937820923376	-0.012346602593916955	0.00007
WONB3_5	-1.4198521800436532	-0.2936609059306666	0	-0.017776819956346834	-0.00320309406933339	0.00007
WONB3_B4	-1.4339225023797142	-0.24629157146853076	0	-0.017992497620285874	-0.0023944285314692337	0.00007
WONB3_B9	-1.4491043480580361	-0.3263632950622487	0	-0.018768651941963865	-0.0030067049377512922	0.00007
WONB40_1	-2.0027543208639798	-1.0018385527310494	0	-0.03476367913602019	-0.015407447268950714	0.00007
WONB40_2	-2.013359956734385	-0.9566467056676351	0	-0.034939043265615144	-0.01434929433236487	0.00007
WONB40_3	-2.025613349107636	-0.9122448410080916	0	-0.03411465089236376	-0.01375415899190846	0.00007
WONB40_B10	-1.941436959855838	-0.8774788341952421	-4.440892098500626e-16	-0.030989040144161928	-0.012669165804757965	0.00007000000000044408
WONB40_B13	-1.9710390112356597	-0.873338584941273	0	-0.03151698876434006	-0.013241415058727002	0.00007
WONB46_3	-1.1172477828956446	-1.2828921714147745	0	-0.016260217104355323	-0.018782828585225397	0.00007
WONB4_2	-1.8883891437100042	-0.3763621831407755	0	-0.03056785628999581	-0.004841816859224468	0.00007
WONB4_5	-1.8307201986376647	-0.3837108462307719	0	-0.02827480136233529	-0.00470015376922811	0.00007
WONB4_B1	-1.8664844767486524	-0.42816520243766565	-4.440892098500626e-16	-0.029201523251347616	-0.005547797562334367	0.00007000000000044408
WONB4_B4	-1.8370202355807377	-0.4322316890546518	4.440892098500626e-16	-0.028179764419262288	-0.005532310945348173	0.0000699999999995559
WONB4_B10	-1.8016910988620922	-0.3607023286958617	4.440892098500626e-16	-0.02705490113790776	-0.0048796713041383	0.0000699999999995559