WONB10	-0.6363731915587661	-1.0164770617951457	0	-0.007778808441233798	-0.008282938204854151	0.00007
WONB15	-1.1788493585244164	-0.5962983521840864	0	-0.015608641475583607	-0.005576647815913605	0.00007
WONB32	-0.11409077855462468	-0.07242286457457221	0	-0.0002452214453753099	0.000004864574572216451	0.00007
WONB10_1	-0.6181587160020457	-0.9279453741816323	0	-0.007010283997954225	-0.006381625818367764	0.00007
WONB10_2	-0.5836096151393413	-0.9801330301759664	0	-0.006879384860658755	-0.007027969824033531	0.00007
WONB10_3	-0.5489741061439387	-1.0324974354339294	0	-0.007109893856061311	-0.00786656456607071	0.00007
WONB10_5	-0.6888024489531198	-1.0525462281690936	0	-0.008744551046880211	-0.009677771830906456	0.00007
WONB10_B1	-0.6705721553380751	-0.9637154326113667	0	-0.007592844661924891	-0.007790567388633263	0.00007
WONB10_B5	-0.7384453574793662	-1.0147926850313953	0	-0.00927664252063376	-0.00910031496860464	0.00007
WONB10_B8	-0.7478939006550002	-1.075949394619019	0	-0.010298099344999811	-0.010367605380980915	0.00007
WONB15_1	-1.2575577159105464	-0.558045000018343	0	-0.017056284089453477	-0.00584199998165702	0.00007
WONB15_2	-1.197057596282731	-0.5373272227084078	0	-0.01560540371726904	-0.005034777291592185	0.00007
WONB15_3	-1.1371817098740045	-0.5163739680882912	0	-0.013739290125995618	-0.004582031911708806	0.00007
WONB15_5	-1.1593755157848717	-0.655320165881602	4.440892098500626e-16	-0.015433484215128246	-0.006620834118397978	0.0000699999999995559
WONB15_B1	-1.2393159879080922	-0.617238522325723	0	-0.01662401209190789	-0.006173477674277006	0.00007
WONB15_B5	-1.2103754101876005	-0.6945132767665219	0	-0.016933589812399452	-0.007156723233478157	0.00007
WONB15_B13	-1.0990541442946855	-0.6342348298587913	0	-0.013838855705314401	-0.005619170141208718	0.00007
WONB32_2	-0.07950541395640859	-0.023515483461131623	0	-0.0002745860435914155	0.00011948346113162256	0.00007
WONB32_3	-0.03003714972069476	-0.05801264648831341	0	-0.00036685027930524056	0.00016364648831341394	0.00007
WONB32_5	-0.14895850010681436	-0.12181436044112127	0	-0.00045749989318563666	0.000031360441121272564	0.00007
WONB32_B1	-0.163176449066575	-0.03787219937975736	-4.440892098500626e-16	-0.0004065509334250095	0.00011919937975735789	0.00007000000000044408
WONB32_B8	-0.19406205016938172	-0.16198146601056207	0	-0.0005229498306182911	0.00018246601056207123	0.00007
WONB32_B12	-0.11376564515748505	-0.17063753301143247	0	-0.000364354842514944	0.00021453301143248282	0.00007
WONB43_5	-0.6818537825734314	-0.014688778483694251	0	-0.0028552174265685792	-0.000006221516305748853	0.00007
WONB43_B11	-0.6341507817649973	-0.051652933794631394	0	-0.0023712182350027478	-0.000049066205368604454	0.00007
WONB8_5	-0.004912738350706873	-1.2862764937256472	0	-0.0010432616492931273	-0.010981506274352792	0.00007
WONB8_B4	-0.023807148738625085	-1.2271874562557736	0	-0.0012568512613749146	-0.009862543744226349	0.00007