WONB5	-0.9337368173200927	-0.8733506922813631	0	-0.009373182679907277	-0.008616307718636862	0.00007
WONB21	-1.8056960976375254	-0.9582180181013816	0	-0.029338902362474606	-0.01543598189861839	0.00007
WONB22	-0.1854714520138438	-1.1096300033877218	0	-0.0019665479861561974	-0.007478996612278133	0.00007
WONB34	-1.256810875101641	-0.1976324308313041	0	-0.01336512489835906	-0.0018855691686958942	0.00007
WONB38	-0.5128371079500839	-0.3664479916107798	0	-0.0013338920499161855	-0.001059008389220184	0.00007
WONB49	-2.159562353790908	-0.36994351056875796	0	-0.03313564620909215	-0.005059489431242015	0.00007
WONB21_1	-1.8757161343283695	-1.0470226551716793	0	-0.03005886567163052	-0.016705344828320756	0.00007
WONB21_2	-1.8825359937593524	-0.9830367376167235	-4.440892098500626e-16	-0.029836006240647528	-0.014952262383276516	0.00007000000000044408
WONB21_3	-1.8896867071630563	-0.9196546582012777	0	-0.02986929283694373	-0.014394341798722343	0.00007
WONB21_5	-1.7284524824299257	-0.9340436752204379	-4.440892098500626e-16	-0.027788517570074278	-0.014546324779562192	0.00007000000000044408
WONB21_B1	-1.7978886178434674	-1.0215665171343533	-4.440892098500626e-16	-0.02919638215653264	-0.016428482865646687	0.00007000000000044408
WONB21_B6	-1.6743049548475466	-0.9681579610950393	-4.440892098500626e-16	-0.025972045152453438	-0.01502003890496073	0.00007000000000044408
WONB21_B12	-1.7126795107611468	-0.8670416351012464	0	-0.026720489238853284	-0.013532364898753535	0.00007
WONB22_1	-0.10044561277900818	-1.1703078437304382	-4.440892098500626e-16	-0.001622387220991825	-0.00849915626956177	0.00007000000000044408
WONB22_2	-0.17542501581567238	-1.1817764067913041	4.440892098500626e-16	-0.002253984184327623	-0.008928593208695768	0.0000699999999995559
WONB22_3	-0.251466839585626	-1.1938910379059011	0	-0.002557160414374038	-0.009159962094098972	0.00007
WONB22_5	-0.19480810336181573	-1.0404590328253867	0	-0.001749896638184284	-0.0058349671746134035	0.00007
WONB22_B1	-0.11127571072170223	-1.0981364672786904	0	-0.001320289278297776	-0.006826532721309508	0.00007
WONB22_B6	-0.1436572095236351	-0.9892586723770033	4.440892098500626e-16	-0.0010707904763649079	-0.004717327622996703	0.0000699999999995559
WONB22_B13	-0.268387417952991	-1.0518879057097663	4.440892098500626e-16	-0.002415582047009035	-0.006604094290233675	0.0000699999999995559
WONB34_1	-1.1967779538454608	-0.24577439835723322	0	-0.011771046154539277	-0.002119601642766783	0.00007
WONB34_2	-1.2622410928480516	-0.25065034661624075	0	-0.013723907151948378	-0.002503653383759241	0.00007
WONB34_3	-1.3280584552912749	-0.2563468225916193	0	-0.015534544708725173	-0.0026431774083807147	0.00007
WONB34_5	-1.2505815696278402	-0.14644925289659558	0	-0.013344430372159932	-0.0011197471034044282	0.00007
WONB34_B1	-1.1916737342776933	-0.192504597719355	0	-0.011920265722306755	-0.001484402280645003	0.00007
WONB34_B8	-1.2304513057862645	-0.0966129363509261	4.440892098500626e-16	-0.012550694213735447	-0.0005990636490739026	0.0000699999999995559
WONB34_B14	-1.3140471211985436	-0.16782505123908298	0	-0.014835878801456426	-0.0014979487609170228	0.00007
WONB38_1	-0.5501638859766	-0.44333868392098774	0	-0.0014591140233999322	-0.0016093160790122685	0.00007
WONB38_2	-0.5744115116712583	-0.39313015053603684	0	-0.0017074883287417908	-0.0016298494639631622	0.00007
WONB38_3	-0.598342688013563	-0.34419051892018293	0	-0.0016173119864369978	-0.0012104810798170829	0.00007
WONB38_5	-0.4518524219115492	-0.34190513133209066	0	-0.000762578088450816	-0.0009238686679093333	0.00007
WONB38_B1	-0.4883192350848337	-0.41638808712488606	0	-0.0011397649151662637	-0.0010769128751139112	0.00007
WONB38_B9	-0.39844379178951717	-0.30779183675290556	0	-0.0006352082104828516	-0.0005811632470944517	0.00007
WONB38_B14	-0.49502246257113186	-0.30383778521253946	0	-0.0011235374288681155	-0.0008002147874605625	0.00007
WONB49_1	-2.260333353977297	-0.3954131949250036	0	-0.034096646022703236	-0.005259805074996404	0.00007
WONB49_2	-2.2089023482576136	-0.3459336463243091	0	-0.03443165174238638	-0.004238353675690865	0.00007
WONB49_3	-2.158607132799515	-0.2969681801085171	0	-0.03335686720048514	-0.0041758198914829125	0.00007
WONB49_5	-2.108807200075761	-0.39606082944635546	0	-0.03307979992423915	-0.005558170553644548	0.00007
WONB49_B2	-2.1911434335921194	-0.4255429214379596	4.440892098500626e-16	-0.03387356640788042	-0.006119078562040414	0.0000699999999995559
WONB49_B5	-2.1394568274888206	-0.45259872347905283	-4.440892098500626e-16	-0.0337151725111795	-0.006278276520947146	0.00007000000000044408
WONB49_B11	-2.0378428715006103	-0.3734487349852821	0	-0.03212612849938967	-0.005097265014717911	0.00007
WONB5_1	-1.0347130692526623	-0.867785481868242	4.440892098500626e-16	-0.011792930747337671	-0.008967518131758001	0.0000699999999995559
WONB5_2	-0.9728371374649494	-0.8240791610398653	0	-0.00992386253505062	-0.008047838960134612	0.00007
WONB5_3	-0.9120246043774781	-0.7819963026064265	4.440892098500626e-16	-0.008600395622521906	-0.006854697393573472	0.0000699999999995559
WONB5_5	-0.8937610160996314	-0.9235388883732676	0	-0.009243983900368513	-0.008645111626732427	0.00007
WONB5_B1	-0.995742587395773	-0.9171568454551895	-4.440892098500626e-16	-0.010927412604226916	-0.00968515454481056	0.00007000000000044408
WONB5_B4	-0.9561466720841059	-0.9678268090352282	-4.440892098500626e-16	-0.010761327915894126	-0.010520190964771747	0.00007000000000044408
WONB5_B11	-0.8205102263572909	-0.9200871533411622	4.440892098500626e-16	-0.00818977364270912	-0.008316846658837806	0.0000699999999995559