52	-0.150102143334348	-0.6656950589240742	0	0.001702143334347983	-0.003504941075925805	0.00042
WONB13	-1.1476219482853942	-1.193574559736632	0	-0.01480205171460569	-0.017950440263367895	0.00007
WONB15	-1.9038419255260386	-0.8973680019111181	-4.440892098500626e-16	-0.03088207447396152	-0.014199998088881949	0.00007000000000044408
WONB20	-1.3271554793975733	-0.02317250714279421	0	-0.01576652060242667	0.0017395071427942083	0.00007
WONB27	-0.6464474901119048	-0.38928927464248886	0	-0.0026035098880952123	0.0001362746424888317	0.00007
WONB33	-0.6687561705893565	-0.8052862120701824	0	-0.00432682941064344	-0.006330787929817672	0.00007
WONB35	-1.932253561613421	-0.2557733423908707	0	-0.03181943838657886	-0.002963657609129311	0.00007
WONB37	-1.508645176523954	-0.006985386336534694	0	-0.02104482347604608	0.001046386336534694	0.00007
WONB10_2	-1.6211065671312592	-1.2826661278958609	0	-0.024036432868740798	-0.020914872104139226	0.00007
WONB10_B1	-1.6647753026797432	-1.2546501751872985	0	-0.025623697320256822	-0.01895482481270161	0.00007
WONB10_B5	-1.6964582356427238	-1.2822755821223581	4.440892098500626e-16	-0.025302764357276297	-0.020741417877641943	0.0000699999999995559
WONB13_1	-1.1187630593994733	-1.1319354679417932	0	-0.01393494060052669	-0.016362532058206813	0.00007
WONB13_2	-1.1089253877734284	-1.1879284906880743	0	-0.01437361222657163	-0.018382509311925643	0.00007
WONB13_3	-1.0987057137219758	-1.2443547480848827	0	-0.013165286278024269	-0.01922525191511726	0.00007
WONB13_5	-1.184693841790845	-1.1989840734385684	0	-0.015065158209154994	-0.0179199265614316	0.00007
WONB13_B1	-1.1578901879087022	-1.1380205824303042	0	-0.014769812091297796	-0.0170494175696958	0.00007
WONB13_B5	-1.2055759126182224	-1.148197591442933	0	-0.015866087381777527	-0.017356408557066993	0.00007
WONB13_B11	-1.1990588830612496	-1.245138848746601	-4.440892098500626e-16	-0.015218116938750414	-0.018753151253398936	0.00007000000000044408
WONB15_1	-1.9380804677101804	-0.8588348720581642	0	-0.030561532289819615	-0.013424127941835784	0.00007
WONB15_2	-1.9114068947619918	-0.8503029053375339	0	-0.030364105238008143	-0.013428094662466084	0.00007
WONB15_3	-1.8842526254354401	-0.8412931971831161	0	-0.0299213745645599	-0.013046802816883862	0.00007
WONB15_5	-1.8939637783188932	-0.944206341029423	0	-0.029998221681106774	-0.01520465897057699	0.00007
WONB15_B1	-1.9314519773609478	-0.905953483416036	0	-0.02966602263905216	-0.014353516583963999	0.00007
WONB15_B5	-1.9171651199432331	-0.9672906230436089	4.440892098500626e-16	-0.02959788005676689	-0.015675376956391096	0.0000699999999995559
WONB15_B13	-1.8657657087507642	-0.9356783426189127	0	-0.029571291249235854	-0.015033657381087306	0.00007
WONB20_1	-1.3040648539261448	-0.1041356272767016	0	-0.015069146073855233	0.0007196272767016065	0.00007
WONB20_2	-1.341387719109409	-0.07770252332568031	0	-0.01641928089059097	0.0012145233256803112	0.00007
WONB20_3	-1.3790159876805148	-0.051972583586054125	0	-0.01755301231948514	0.0015065835860541277	0.00007
WONB20_B1	-1.289361235957272	-0.04904000441273163	0	-0.015049764042728064	0.001850004412731629	0.00007
WONB27_1	-0.6933763795711015	-0.31028512703966404	4.440892098500626e-16	-0.0029366204288984177	0.0007311270396640479	0.0000699999999995559
WONB27_2	-0.6407982985229316	-0.3218771915705755	4.440892098500626e-16	-0.002379701477068452	0.0006921915705754844	0.0000699999999995559
WONB27_3	-0.5882779301723305	-0.3337798273849545	0	-0.0018620698276694547	0.0009078273849544849	0.00007
WONB27_5	-0.6520722359992632	-0.4565973758693229	0	-0.002510764000736798	-0.00044062413067708084	0.00007
WONB27_B1	-0.698349715186724	-0.37715314978886794	4.440892098500626e-16	-0.00315728481327604	0.00030214978886794475	0.0000699999999995559
WONB27_B7	-0.6837644165550859	-0.5060230343116632	0	-0.003249583444914106	-0.001449965688336774	0.00007
WONB27_B12	-0.6052855373289167	-0.4911510064010933	-4.440892098500626e-16	-0.0021914626710833884	-0.0006739935989066859	0.00007000000000044408
WONB32_5	-1.374489834930341	-0.6290927441224649	0	-0.018154165069659056	-0.008338255877535117	0.00007
WONB32_B8	-1.400994197001068	-0.6594103446233696	0	-0.019195802998932088	-0.008907655376630408	0.00007
WONB32_B12	-1.3551557413770416	-0.6761450334502531	0	-0.018166258622958287	-0.008948966549746862	0.00007
WONB33_1	-0.6431881541853176	-0.727905734408624	0	-0.0036428458146824383	-0.004750265591375924	0.00007
WONB33_2	-0.6246916051687343	-0.7866256917453232	0	-0.0037093948312656444	-0.005758308254676825	0.00007
WONB33_3	-0.6058291166659526	-0.8456796778357061	0	-0.0034398833340473223	-0.007072322164293876	0.00007
WONB33_5	-0.7092882312799466	-0.8227931227939044	0	-0.004893768720053426	-0.007339877206095635	0.00007
WONB33_B1	-0.6870164180375473	-0.746781297048242	4.440892098500626e-16	-0.004265581962452636	-0.005712702951757964	0.0000699999999995559
WONB33_B8	-0.7510212251294647	-0.8262050827269746	0	-0.0056027748705352876	-0.007555917273025403	0.00007
WONB33_B13	-0.6916821711768403	-0.8811998478076163	0	-0.005138828823159747	-0.008065152192383684	0.00007
WONB35_1	-1.9286866369537272	-0.18895624426157406	0	-0.0323113630462728	-0.0014817557384259328	0.00007
WONB35_2	-1.9103098881936662	-0.22637615934349425	0	-0.03136811180633381	-0.00249784065650574	0.00007
WONB35_3	-1.8918285349753206	-0.2645609164511993	0	-0.03103346502467952	-0.0026270835488007016	0.00007
WONB35_5	-1.9517524719705264	-0.2845005218179223	4.440892098500626e-16	-0.03190752802947361	-0.003426478182077697	0.0000699999999995559
WONB35_B1	-1.9497190741780048	-0.21801658975502625	0	-0.032128925821995225	-0.0022054102449737545	0.00007
WONB35_B8	-1.9737889196419816	-0.3038020413690844	0	-0.03245608035801828	-0.003704958630915578	0.00007
WONB35_B15	-1.9222520660538847	-0.3010901984521177	4.440892098500626e-16	-0.031646933946115396	-0.0037998015478822866	0.0000699999999995559
WONB37_2	-1.5083371284119393	-0.0574595206538094	0	-0.02131887158806056	0.0004845206538094046	0.00007
WONB37_3	-1.5412786562581784	-0.04603320690065261	4.440892098500626e-16	-0.0220893437418217	0.0005862069006526069	0.0000699999999995559
WONB37_B1	-1.475043813029414	-0.01819067938507986	0	-0.019734186970586043	0.0006146793850798603	0.00007
WONB43_1	-1.6989672061621848	-0.38430235753021214	4.440892098500626e-16	-0.02615679383781533	-0.004856642469787842	0.0000699999999995559
WONB43_2	-1.6691314269567687	-0.38844048611751425	0	-0.02537957304323135	-0.004790513882485747	0.00007
WONB43_B1	-1.7018708963716025	-0.4343825640411535	0	-0.026522103628397575	-0.005971435958846527	0.00007
WONB43_B11	-1.646820581117321	-0.5240136018306458	0	-0.02530941888267879	-0.007353398169354208	0.00007