WONB2	-1.1158753180621335	-0.9292909777792229	0	-0.013828681937866572	-0.011277022220777089	0.00007
WONB8	-1.7583780438677625	-0.9988321709976323	0	-0.027849956132237397	-0.015311829002367605	0.00007
WONB9	-0.5960419899850097	-0.48398107237742005	0	-0.0021190100149903746	-0.001935927622579936	0.00007
WONB13	-1.5625733055859947	-0.4942572175762776	0	-0.022497694414005176	-0.006518782423722391	0.00007
WONB31	-0.18300622556059679	-1.0477985635256883	0	-0.0016477744394032268	-0.008831436474311616	0.00007
WONB33	-0.9151487198863281	-0.024114317260154432	0	-0.005235280113671914	0.000025317260154433113	0.00007
WONB42	-0.04036448352669327	-0.33046124020350887	0	0.00030248352669327155	-0.0005457597964911298	0.00007
WONB13_1	-1.5203068464493599	-0.4259181552231175	0	-0.021137153550640164	-0.005674844776882515	0.00007
WONB13_2	-1.50747651494052	-0.4790455548350253	0	-0.021153485059479893	-0.006567445164974706	0.00007
WONB13_3	-1.4945371604866087	-0.5327046473366212	0	-0.02138983951339135	-0.007232352663378849	0.00007
WONB13_5	-1.617456660186845	-0.5097797579492589	0	-0.02339733981315506	-0.006998242050741066	0.00007
WONB13_B1	-1.5756735427611752	-0.4409625350477361	4.440892098500626e-16	-0.02208145723882482	-0.006059464952263893	0.0000699999999995559
WONB13_B5	-1.647118351225891	-0.46391928465104926	-4.440892098500626e-16	-0.02399564877410909	-0.006430715348950733	0.00007000000000044408
WONB13_B11	-1.6409938542912772	-0.561112082641033	0	-0.023815145708722785	-0.007656917358967008	0.00007
WONB2_1	-1.1590500253689149	-0.8635147201432543	0	-0.014144974631085105	-0.010688279856745697	0.00007
WONB2_2	-1.1046418739509654	-0.8738311645206517	0	-0.01314912604903462	-0.010197835479348272	0.00007
WONB2_3	-1.050339829634743	-0.8841823622105595	4.440892098500626e-16	-0.012196170365256886	-0.010246637789440571	0.0000699999999995559
WONB2_5	-1.126297328938991	-0.9843849054584733	0	-0.013561671061008918	-0.01256909454152666	0.00007
WONB2_B1	-1.1704093078430722	-0.9189425309659703	4.440892098500626e-16	-0.015381692156927862	-0.01167346903402966	0.0000699999999995559
WONB2_B4	-1.1811419118851192	-0.9742699338959594	4.440892098500626e-16	-0.015852088114880702	-0.01260606610404058	0.0000699999999995559
WONB2_B8	-1.1495375889605375	-1.0361856208875617	0	-0.01690241103946244	-0.013679379112438328	0.00007
WONB31_1	-0.22325040855182499	-0.980675681866888	4.440892098500626e-16	-0.0019485914481750244	-0.0068473181331120125	0.0000699999999995559
WONB31_2	-0.1693627969064229	-0.9934357717552701	0	-0.0016722030935771015	-0.006989228244729806	0.00007
WONB31_3	-0.11624881236441925	-1.0052839917888994	0	-0.0006771876355807505	-0.008004008211100588	0.00007
WONB31_5	-0.19606551042206083	-1.1031537515598906	-4.440892098500626e-16	-0.0018174895779391742	-0.009534248440109305	0.00007000000000044408
WONB31_B1	-0.2364574892399633	-1.035574777740667	0	-0.002205510760036694	-0.008362222259332919	0.00007
WONB31_B8	-0.2213285718736187	-1.1537589795476644	0	-0.0026284281263812825	-0.011262020452335708	0.00007
WONB31_B11	-0.1624050079594637	-1.1467928662336597	-4.440892098500626e-16	-0.002061992040536309	-0.011035133766340355	0.00007000000000044408
WONB32_B8	-1.9282835136942817	-0.005185789382286024	0	-0.030492486305718325	0.0008477893822860239	0.00007
WONB32_B12	-1.85532627913198	-0.014103397532080201	0	-0.028752720868020054	0.0004073975320802014	0.00007
WONB33_2	-0.8645680366801173	-0.001929028103394662	4.440892098500626e-16	-0.004762963319882685	0.00030702810339466196	0.0000699999999995559
WONB33_3	-0.8430310847590988	-0.051007671633030466	0	-0.004362915240901155	-0.000028328366969532226	0.00007
WONB33_5	-0.9648604422888738	-0.04650670362395538	0	-0.006491557711126195	-0.00018829637604462351	0.00007
WONB33_B8	-1.0182044148171652	-0.05755271610377048	0	-0.007658585182834798	0.00011671610377048114	0.00007
WONB33_B13	-0.9436004295709646	-0.09560561426426849	0	-0.006022570429035423	-0.0004723857357315092	0.00007
WONB42_1	-0.050747207286058756	-0.2545604069140932	0	0.00007920728605875782	-0.00015059308590681386	0.00007
WONB42_2	-0.00780146581046276	-0.2873990291666727	0	0.00018146581046275985	-0.0004419708333273098	0.00007
WONB42_5	-0.07282205479602216	-0.37387810252649034	0	0.00022405479602216616	-0.0006548974735096635	0.00007
WONB42_B1	-0.08313628535717268	-0.2972912742663879	0	0.0001412853571726852	-0.0008337257336120674	0.00007
WONB42_B10	-0.07746258422355357	-0.4284541057475201	0	0.00020758422355356132	-0.0008038942524798975	0.00007
WONB42_B15	-0.010220631812751874	-0.3755708928770194	-4.440892098500626e-16	0.00038363181275187334	-0.000764107122980584	0.00007000000000044408
WONB8_1	-1.7175903536270702	-0.9269214245210821	0	-0.027707646372929773	-0.014932575478917909	0.00007
WONB8_2	-1.7019622494745017	-0.9806641958510004	0	-0.027812750525498364	-0.014852804148999588	0.00007
WONB8_3	-1.6863483969900444	-1.0346245088442427	-4.440892098500626e-16	-0.027893603009955692	-0.017635491155757244	0.00007000000000044408
WONB8_5	-1.8135418852699996	-1.0161687994153006	0	-0.029529114730000305	-0.015979200584699482	0.00007
WONB8_B1	-1.7742333249892053	-0.9451770386745171	0	-0.028824675010794776	-0.0150859613254829	0.00007
WONB8_B4	-1.8301810733282295	-0.9627321831744391	0	-0.029350926671770416	-0.01498781682556094	0.00007
WONB8_B14	-1.780311865181297	-1.0611026023479773	0	-0.02958613481870298	-0.01729839765202268	0.00007
WONB9_1	-0.5840779434272002	-0.4064485242943867	4.440892098500626e-16	-0.001780056572799782	-0.0013854757056132594	0.0000699999999995559
WONB9_2	-0.5516707811791922	-0.45055444247190213	4.440892098500626e-16	-0.0016532188208078225	-0.0015895575280978624	0.0000699999999995559
WONB9_3	-0.5191671954638416	-0.4947713384846353	0	-0.0015248045361584417	-0.001776661515364708	0.00007
WONB9_5	-0.6406285374419021	-0.5174791657677515	0	-0.0029544625580979478	-0.0024298342322484068	0.00007
WONB9_B1	-0.6286541459868152	-0.43980022321052314	0	-0.0022368540131847414	-0.0017747767894768507	0.00007
WONB9_B4	-0.672945572025183	-0.47316718737199814	0	-0.002879427974816995	-0.002196812628001865	0.00007
WONB9_B15	-0.5800238708691683	-0.5368048014302526	0	-0.0023331291308317237	-0.0021401985697474535	0.00007