45	-0.620754554163467	-0.2031580658124341	-4.440892098500626e-16	-0.00014544583653297583	0.0015580658124340896	0.0004200000000004441
47	-0.4032793622767619	-0.177953501439469	0	-0.004820637723238097	0.007853501439469002	0.00042
48	-0.4939731399979687	-0.049532399375943795	0	-0.0013048600020312828	-0.00035160062405620307	0.00007
WONB2	-1.7339566274414115	-0.8756404740995485	0	-0.028341372558588374	-0.012943525900451558	0.00007
WONB8	-2.0119480209787546	-0.4854090245418621	0	-0.032132979021245234	-0.007002975458137939	0.00007
WONB9	-1.3133700250650362	-0.9974574726880495	0	-0.01923097493496373	-0.013990527311950385	0.00007
WONB13	-1.7534901798585003	-0.2999000996200778	0	-0.027319820141499696	-0.0038579003799221745	0.00007
WONB27	-1.1068357282002326	-0.3844070975414231	0	-0.009301271799767363	-0.004207902458576884	0.00007
WONB47	-0.48962264460285804	-0.905467885503688	0	-0.0040403553971419814	-0.0065511144963120715	0.00007
WONB10_3	-2.1463945332239276	-0.025266613188006208	0	-0.03510646677607232	0.00024161318800620946	0.00007
WONB13_1	-1.7075194060730645	-0.282629192411717	0	-0.025823593926935562	-0.0038148075882829535	0.00007
WONB13_2	-1.7229365704726984	-0.3261024421759011	0	-0.02675342952730153	-0.004956557824098873	0.00007
WONB13_3	-1.7380264416837181	-0.3694403523052562	-4.440892098500626e-16	-0.02689355831628193	-0.005184647694743805	0.00007000000000044408
WONB13_5	-1.7826564855536877	-0.27390448905792253	0	-0.0273925144463123	-0.003821510942077444	0.00007
WONB13_B1	-1.7387746240280755	-0.2564919492172748	0	-0.02666637597192456	-0.0034400507827251903	0.00007
WONB13_B5	-1.7776816411760106	-0.22458319311808903	0	-0.027674358823989387	-0.0030018068819109844	0.00007
WONB13_B11	-1.8113065303378897	-0.29147347487571795	0	-0.02795246966211029	-0.0036625251242820567	0.00007
WONB23_1	-2.0006955065953136	-0.9805885412477237	0	-0.03269449340468622	-0.015512458752276359	0.00007
WONB23_2	-2.019026839780757	-1.0158944392703246	0	-0.03298116021924269	-0.016389560729675345	0.00007
WONB23_5	-2.068234992658034	-0.9520196923488734	0	-0.03382100734196625	-0.014782307651126647	0.00007
WONB23_B1	-2.027103700939178	-0.9484901080314874	0	-0.032806299060821775	-0.014640891968512593	0.00007
WONB23_B6	-2.06815209014646	-0.9044427165325731	0	-0.03316790985353979	-0.014327283467426843	0.00007
WONB27_1	-1.1035500751540452	-0.2952013957664913	0	-0.008934924845954706	-0.0030176042335087194	0.00007
WONB27_2	-1.0720686261236791	-0.346345921353304	0	-0.008707373876320812	-0.0035370786466960014	0.00007
WONB27_3	-1.0412761861001412	-0.39800159362240173	0	-0.008449813899858771	-0.00427740637759827	0.00007
WONB27_5	-1.1411738872026729	-0.4219742080794068	0	-0.01073811279732717	-0.0048157919205932265	0.00007
WONB27_B1	-1.137461244080463	-0.3334858324037331	0	-0.009953755919537066	-0.003695167596266924	0.00007
WONB27_B7	-1.1850898446498344	-0.4261281803672713	0	-0.01214015535016566	-0.004975819632728695	0.00007
WONB27_B12	-1.1247072275524854	-0.4827117181408275	0	-0.010990772447514674	-0.005483281859172517	0.00007
WONB2_1	-1.725850672763428	-0.8058845014342798	0	-0.028586327236572062	-0.011942498565720161	0.00007
WONB2_2	-1.7085828249778199	-0.8513101578939778	0	-0.027969175022180215	-0.012977842106022153	0.00007
WONB2_3	-1.6914466889943065	-0.8970982076431357	-4.440892098500626e-16	-0.02791231100569358	-0.013529792356864245	0.00007000000000044408
WONB2_5	-1.7572719177570926	-0.8994518186661261	0	-0.029376082242907442	-0.013762181333873857	0.00007
WONB2_B1	-1.751384209101893	-0.8304733533785423	0	-0.029031790898107035	-0.012701646621457674	0.00007
WONB2_B4	-1.7748197280015485	-0.854460827560219	0	-0.029392271998451402	-0.013006172439780972	0.00007
WONB2_B8	-1.7842657619337976	-0.9120402569581503	0	-0.0296902380662023	-0.014275743041849753	0.00007
WONB47_1	-0.4575637430379065	-0.8297802109173592	4.440892098500626e-16	-0.003022256962093517	-0.00494078908264084	0.0000699999999995559
WONB47_2	-0.44033282491455655	-0.8919593101587828	0	-0.003075175085443471	-0.005912689841217178	0.00007
WONB47_3	-0.42360058539134254	-0.9542984967641301	0	-0.0034544146086574745	-0.007129503235869805	0.00007
WONB47_5	-0.536745184009009	-0.9181429770119546	0	-0.00386981599099101	-0.007064022988045426	0.00007
WONB47_B2	-0.5213534474279384	-0.8515422667699557	0	-0.003773552572061578	-0.005623733230044281	0.00007
WONB47_B5	-0.568053817429312	-0.8645686951239543	0	-0.004520182570687981	-0.006432304876045736	0.00007
WONB47_B9	-0.5784831826207617	-0.9442808730061951	0	-0.005011817379238281	-0.0076711269938049	0.00007
WONB8_2	-1.9824242247420343	-0.5096134456769742	4.440892098500626e-16	-0.0315947752579655	-0.00837955432302584	0.0000699999999995559
WONB8_5	-2.0384592178894505	-0.4609419292136492	0	-0.03265178211054964	-0.007118070786350794	0.00007
WONB8_B1	-2.0023513190679973	-0.44467529239573633	4.440892098500626e-16	-0.032110680932002644	-0.0067367076042636476	0.0000699999999995559
WONB8_B4	-2.030459416718087	-0.4204945095426993	0	-0.032924583281912945	-0.006919490457300725	0.00007
WONB9_1	-1.2699063573531566	-0.9574144092473191	0	-0.017954642646843322	-0.013228590752680902	0.00007
WONB9_2	-1.2750078037625352	-1.0116108136743944	0	-0.01738919623746482	-0.014014186325605582	0.00007
WONB9_3	-1.280681981039781	-1.0659910549683285	0	-0.018737018960219176	-0.014924945031671522	0.00007
WONB9_5	-1.3505965433005789	-0.9831192615578247	0	-0.019817456699421143	-0.013866738442175341	0.00007
WONB9_B1	-1.3087714315279941	-0.9436019966157618	0	-0.018832568472005873	-0.012683003384238223	0.00007
WONB9_B4	-1.3459024979382423	-0.9298174063344697	0	-0.01958250206175771	-0.012886593665530244	0.00007
WONB9_B15	-1.331080090212136	-1.0436548191566881	0	-0.019494909787864056	-0.014795180843311773	0.00007