WONB2	-0.22555811059785585	-0.6531296205720618	0	-0.0007458894021441509	-0.002046379427938172	0.00007
WONB6	-1.9375789152225449	-0.8743479371403484	0	-0.03323108477745507	-0.015047062859651628	0.00007
WONB8	-0.7971116865450153	-0.6998233178080484	0	-0.006600313454984685	-0.005854682191951621	0.00007
WONB10	-1.3050691877554177	-0.5226603735423095	0	-0.017921812244582336	-0.007181626457690493	0.00007
WONB13	-0.5939156425383404	-0.3592024692774619	0	-0.0018323574616596616	-0.0019155307225380835	0.00007
WONB15	-1.6315548297078077	-0.27345518963925586	0	-0.024378170292192358	-0.005003810360744154	0.00007
WONB18	-1.2890393396519124	-1.0153073264312948	0	-0.020437660348087583	-0.015335673568705133	0.00007
WONB23	-0.5163038914373964	-1.088169227936741	0	-0.005862108562603607	-0.009756772063258978	0.00007
WONB32	-0.7857020282706076	-0.017623340653463715	0	-0.00299997172939237	-0.0011086593465362837	0.00007
WONB33	-0.05783681446003482	-0.07490152372462774	0	0.0005348144600348242	-0.00037147627537226224	0.00007
WONB10_1	-1.2757739486125432	-0.46964850713447226	0	-0.01576905138745688	-0.006961492865527719	0.00007
WONB10_2	-1.2581622042554088	-0.5019123875504915	0	-0.015760795744591105	-0.007105612449508469	0.00007
WONB10_3	-1.2403117356373308	-0.5345006269064182	0	-0.015456264362669225	-0.006858373093581838	0.00007
WONB10_5	-1.3518919316116267	-0.5443717085788158	0	-0.01809506838837338	-0.007686291421184266	0.00007
WONB10_B1	-1.3220223461988587	-0.4903647454266795	0	-0.01724565380114118	-0.006958254573320499	0.00007
WONB10_B5	-1.3831886030526905	-0.5210209397101034	0	-0.01910339694730956	-0.007376060289896569	0.00007
WONB10_B8	-1.4018308552450713	-0.5582484881326707	0	-0.01940914475492872	-0.008427511867329263	0.00007
WONB13_1	-0.555765648919497	-0.3174641936978989	0	-0.0014693510805030563	-0.0017508063021011155	0.00007
WONB13_2	-0.5477805431149076	-0.35087778548207427	0	-0.0014994568850923429	-0.0017942145179257185	0.00007
WONB13_3	-0.5397369693680129	-0.38537882847759586	0	-0.0016480306319871518	-0.0022011715224041217	0.00007
WONB13_5	-0.6403706243188778	-0.36862523884432175	0	-0.002176375681122167	-0.0020777611556782594	0.00007
WONB13_B1	-0.6016814677581092	-0.32523838069483335	0	-0.001714532241890887	-0.001992619305166643	0.00007
WONB13_B5	-0.6620789516043172	-0.33936662087182745	0	-0.0022920483956828663	-0.0021293791281725705	0.00007
WONB13_B11	-0.6633844794482064	-0.40179096763436783	0	-0.0025945205517935443	-0.002281032365632152	0.00007
WONB15_1	-1.6808583035570444	-0.25217899590872134	4.440892098500626e-16	-0.025342696442955726	-0.004965004091278646	0.0000699999999995559
WONB15_2	-1.6328926690448617	-0.2420105509057604	0	-0.024465330955138365	-0.004703449094239587	0.00007
WONB15_3	-1.5854528441840199	-0.23202553356432137	0	-0.023349155815980183	-0.004508466435678621	0.00007
WONB15_5	-1.629243455589993	-0.3068075659709091	-4.440892098500626e-16	-0.02433654441000699	-0.005665434029090921	0.00007000000000044408
WONB15_B1	-1.6798496929916928	-0.2831021651751422	0	-0.025659307008307097	-0.005357834824857799	0.00007
WONB15_B5	-1.6747041847282942	-0.3270083072079699	4.440892098500626e-16	-0.025670815271705782	-0.006296692792030101	0.0000699999999995559
WONB15_B13	-1.5808257344351446	-0.2971152217302524	0	-0.023276265564855292	-0.004992778269747589	0.00007
WONB18_1	-1.2310259611576921	-1.0497751518658427	0	-0.018304038842307913	-0.015013848134157293	0.00007
WONB18_2	-1.2865372467906606	-1.062632747809428	-4.440892098500626e-16	-0.019704753209339287	-0.015519252190572042	0.00007000000000044408
WONB18_3	-1.3420368799721052	-1.0755302490681475	0	-0.020600120027894908	-0.016579750931852377	0.00007
WONB18_5	-1.2917648583136976	-0.970487595833749	-4.440892098500626e-16	-0.020542141686302307	-0.014076404166251	0.00007000000000044408
WONB18_B1	-1.234223081894739	-1.002592862410545	0	-0.018462918105260906	-0.014642137589454984	0.00007
WONB18_B6	-1.2504816450973057	-0.9334934593430514	0	-0.018560354902694254	-0.013626540656948571	0.00007
WONB18_B9	-1.3060964316589083	-0.9302461420247817	4.440892098500626e-16	-0.019578568341091618	-0.013967857975218267	0.0000699999999995559
WONB23_1	-0.465731592037896	-1.0362500739114946	0	-0.004686407962104011	-0.008163926088505358	0.00007
WONB23_2	-0.4621556709500048	-1.0820047526530359	0	-0.004668329049995201	-0.009075247346964188	0.00007
WONB23_3	-0.4587793160933101	-1.1299187856423594	0	-0.004322683906689939	-0.009853214357640638	0.00007
WONB23_5	-0.5707294113493605	-1.0958415649149884	0	-0.006574588650639535	-0.010672435085011589	0.00007
WONB23_B1	-0.5198026725544976	-1.0416409133679678	0	-0.00538032744550232	-0.008719086632032136	0.00007
WONB23_B6	-0.6062449560514912	-1.064343505922788	0	-0.006766043948508771	-0.010124494077212054	0.00007
WONB23_B14	-0.5505237317454624	-1.1387704036745676	0	-0.006018268254537551	-0.010957596325432473	0.00007
WONB2_1	-0.26297910175294636	-0.6073166009822519	0	-0.00039189824705365695	-0.002091399017748019	0.00007
WONB2_2	-0.2149049721898061	-0.6132174134451966	4.440892098500626e-16	-0.0006080278101939229	-0.0016715865548033726	0.0000699999999995559
WONB2_3	-0.16673217920351063	-0.618974485121205	0	-0.0004428207964893571	-0.0015715148787950328	0.00007
WONB2_5	-0.2360189072173125	-0.6945837043806277	0	-0.0008350927826875076	-0.0022792956193723457	0.00007
WONB2_B1	-0.27398192940589255	-0.6467932558061537	0	-0.0008720705941074325	-0.00209174419384639	0.00007
WONB2_B4	-0.2850427957604196	-0.6882040266767662	0	-0.0009152042395804139	-0.0026309733232338095	0.00007
WONB2_B8	-0.25809875807470595	-0.7342084493704446	0	-0.0009872419252940356	-0.0028565506295553655	0.00007
WONB32_3	-0.7246277486803037	-0.011131467054628006	0	-0.0001322513196962971	-0.0013035329453719938	0.00007
WONB32_5	-0.8158601860983977	-0.042265149533412975	4.440892098500626e-16	-0.003409813901602332	-0.0016778504665870275	0.0000699999999995559
WONB32_B1	-0.8168432120450864	0.0009893642192631245	4.440892098500626e-16	-0.003575787954913645	-0.0010123642192631246	0.0000699999999995559
WONB32_B8	-0.85261961288347	-0.06198936487492552	0	-0.0039683871165300255	-0.0013816351250744777	0.00007
WONB32_B12	-0.7962797394608738	-0.06693395934317646	0	-0.003195260539126221	-0.0015440406568235365	0.00007
WONB33_1	-0.036441551765735346	-0.0364564372338254	0	0.0006465517657353453	-0.0004705627661746037	0.00007
WONB33_2	-0.018545203920389365	-0.06363911483726536	-4.440892098500626e-16	0.0006122039203893641	-0.0003688851627346307	0.00007000000000044408
WONB33_3	-0.000729292010327412	-0.09174380225517596	0	0.000569292010327412	-0.0003931977448240337	0.00007
WONB33_5	-0.09716334042132607	-0.08807758874811444	4.440892098500626e-16	0.00044634042132607465	-0.00039241125188554937	0.0000699999999995559
WONB33_B1	-0.07525552689764703	-0.04717488840932815	0	0.0005465268976470317	-0.00047811159067184805	0.00007
WONB33_B8	-0.13991056064686375	-0.09580985056566763	0	0.0005595606468637437	-0.0007091494343323679	0.00007
WONB33_B13	-0.0798107389671473	-0.1160050224323534	0	0.000457738967147292	-0.0005399775676465934	0.00007
WONB6_2	-1.9265664221565084	-0.8301915910692442	0	-0.03301557784349152	-0.014024408930755738	0.00007
WONB6_3	-1.8713328802523532	-0.8251667297296781	0	-0.03170811974764676	-0.01475827027032195	0.00007
WONB6_B1	-1.993679591913088	-0.8785416711835161	0	-0.033769408086911756	-0.014570328816483902	0.00007
WONB8_1	-0.7556290355954909	-0.6495953031889936	0	-0.005331964404509115	-0.004682696811006415	0.00007
WONB8_2	-0.746694270995454	-0.6894299724025449	0	-0.005582729004545928	-0.005216027597455097	0.00007
WONB8_3	-0.7378604340540231	-0.7305417178690758	0	-0.005867565945976816	-0.005709282130924143	0.00007
WONB8_5	-0.8473311865662543	-0.7116392040401632	4.440892098500626e-16	-0.007724813433745759	-0.0064797959598367205	0.0000699999999995559
WONB8_B1	-0.8054219729521498	-0.6587583027544357	-4.440892098500626e-16	-0.006580027047850212	-0.005595697245564302	0.00007000000000044408
WONB8_B4	-0.8555248964567153	-0.6694624568594035	0	-0.007458103543284689	-0.006030543140596478	0.00007
WONB8_B14	-0.8232838455241962	-0.7479901707745824	0	-0.007431154475803781	-0.006507829225417594	0.00007