WONB14	-1.5040994832261045	-0.7292901151575654	-4.440892098500626e-16	-0.02109551677389554	-0.00976588484243468	0.00007000000000044408
WONB28	-2.166206266039966	-1.0462061312429818	0	-0.03195273396003406	-0.015862868757018145	0.00007
WONB31	-1.8393553444495847	-0.050631035956619365	0	-0.027551655550415388	-0.0007929640433806326	0.00007
WONB34	-0.05860181799177843	-0.8823012278493066	0	-0.0005391820082215684	-0.0034577721506933168	0.00007
WONB42	-1.0426976210387073	-0.1997514180082601	0	-0.007576378961292596	-0.0014925819917399052	0.00007
WONB47	-0.20361519447893514	-0.24455796879494454	0	0.0001431944789351547	-0.00020203120505546401	0.00007
WONB48	-0.8831790940687708	-0.9315623089080306	4.440892098500626e-16	-0.008872905931229136	-0.008495691091969348	0.0000699999999995559
WONB14_1	-1.4026518434443738	-0.7391070843135191	4.440892098500626e-16	-0.019180156555626215	-0.009329915686480894	0.0000699999999995559
WONB14_2	-1.4675493645585425	-0.7803878262227277	-4.440892098500626e-16	-0.020602635441457462	-0.010526173777272274	0.00007000000000044408
WONB14_3	-1.5330185038064987	-0.823376565951099	4.440892098500626e-16	-0.022158496193501298	-0.011455434048901036	0.0000699999999995559
WONB14_5	-1.5384831350812507	-0.6821515254552276	4.440892098500626e-16	-0.021943864918749334	-0.009128474544772391	0.0000699999999995559
WONB14_B1	-1.439874681425166	-0.6883619086736411	-4.440892098500626e-16	-0.019526318574834	-0.009016091326358944	0.00007000000000044408
WONB14_B5	-1.489200038437663	-0.6291545138870364	4.440892098500626e-16	-0.020516961562337066	-0.007881486112963687	0.0000699999999995559
WONB14_B12	-1.6116049148552418	-0.705657106372498	0	-0.023279085144758183	-0.010060893627501954	0.00007
WONB28_1	-2.084233241063768	-1.0936613531913693	0	-0.03211375893623236	-0.016807646808630672	0.00007
WONB28_2	-2.167228633040878	-1.11705637982374	4.440892098500626e-16	-0.031031366959121787	-0.015492620176259964	0.0000699999999995559
WONB28_3	-2.250217899803952	-1.1399997791949565	0	-0.031038100196048024	-0.015135220805043481	0.00007
WONB28_5	-2.1654754002175403	-0.9792633689356135	0	-0.03266859978245984	-0.015016631064386554	0.00007
WONB28_B1	-2.0853072174808487	-1.0244570110947153	0	-0.03246178251915133	-0.01569198890528467	0.00007
WONB28_B7	-2.1211855527212853	-0.9140892140091544	0	-0.032633447278714645	-0.014206785990845572	0.00007
WONB28_B13	-2.247899283971034	-1.0014159158628602	4.440892098500626e-16	-0.031244716028965946	-0.013498084137139932	0.0000699999999995559
WONB31_1	-1.7494899560512156	-0.015939141968774863	0	-0.025328043948784407	-0.0003198580312251363	0.00007
WONB31_2	-1.7817485368450476	-0.06543180338937678	4.440892098500626e-16	-0.02565146315495226	-0.0011181966106232205	0.0000699999999995559
WONB31_3	-1.813233235404868	-0.1156068241676914	0	-0.027429764595132022	-0.0017171758323085984	0.00007
WONB31_5	-1.8976666109528144	-0.03717174018045556	0	-0.02855138904718557	-0.0004492598195444397	0.00007
WONB31_B1	-1.807288735100298	-0.0021636558302505163	0	-0.026127264899701963	0.0002966558302505164	0.00007
WONB31_B8	-1.9457565328230346	-0.012922584076146453	0	-0.03000146717696528	0.0004405840761464528	0.00007
WONB31_B11	-1.9593533019143963	-0.06737131874121025	0	-0.030647698085603636	-0.0008146812587897512	0.00007
WONB34_2	0.0021735728602225515	-0.9185759307740592	0	-0.0003135728602225514	-0.004225069225940792	0.00007
WONB34_3	-0.03699063897564584	-0.9762352469429496	0	-0.0006143610243541583	-0.005265753057050349	0.00007
WONB34_5	-0.1189286193472511	-0.8469177687576996	-4.440892098500626e-16	-0.0005703806527488919	-0.0030582312423003133	0.00007000000000044408
WONB34_B1	-0.019875807183771257	-0.8268593247363568	-4.440892098500626e-16	-0.0002371928162287415	-0.0027296752636432053	0.00007000000000044408
WONB34_B8	-0.16812893542428156	-0.8008622982261249	-4.440892098500626e-16	-0.0007020645757184474	-0.0026667017738751797	0.00007000000000044408
WONB34_B14	-0.13669021488644473	-0.9114142687375509	0	-0.001189785113555275	-0.004267731262449059	0.00007
WONB42_1	-0.9494386747656766	-0.19235154598782087	0	-0.005678325234323434	-0.0009824540121791403	0.00007
WONB42_2	-0.9967507154056876	-0.23509165601932383	0	-0.006721284594312316	-0.001546343980676157	0.00007
WONB42_3	-1.0447801544052222	-0.278330311564264	0	-0.00784284559477788	-0.0021636884357359998	0.00007
WONB42_5	-1.0879351328719158	-0.1665277429556716	0	-0.008897867128084158	-0.0016462570443283864	0.00007
WONB42_B1	-0.9950563515675448	-0.15761433097461072	0	-0.006833648432455153	-0.0009496690253892881	0.00007
WONB42_B10	-1.1513166892590414	-0.16191215565350975	0	-0.010223310740958613	-0.0014528443464902618	0.00007
WONB42_B15	-1.1030503349396852	-0.22878911666128401	0	-0.00941566506031477	-0.0020968833387159935	0.00007
WONB47_1	-0.11552349186616837	-0.22423826664620075	0	0.00026849186616836884	-0.00033873335379924763	0.00007
WONB47_2	-0.14693490610838456	-0.2710476890306629	0	0.0002499061083845455	-0.0003183109693370989	0.00007
WONB47_3	-0.17845710689626307	-0.31789677977738073	0	0.00003510689626307073	-0.0002512202226192528	0.00007
WONB47_5	-0.25972991753445496	-0.21962009445222166	0	-0.00011908246554503954	-0.00036390554777834816	0.00007
WONB47_B2	-0.19179679932042415	-0.19241906561824823	0	-0.000037200679575855045	-0.00011693438175178206	0.00007
WONB47_B5	-0.2476881571643103	-0.1680328586840038	0	0.000051157164310311476	-0.00010414131599620347	0.00007
WONB47_B9	-0.32149477249039277	-0.2057474286906065	0	-0.00006722750960724833	-0.00021157130939350455	0.00007
WONB48_1	-0.7848780746750521	-0.8885862060723367	4.440892098500626e-16	-0.00693692532494794	-0.006759793927663238	0.0000699999999995559
WONB48_2	-0.8152656667770756	-0.9533146786049023	4.440892098500626e-16	-0.00806833322292444	-0.008150321395097748	0.0000699999999995559
WONB48_3	-0.8465081263323464	-1.019181881481983	-4.440892098500626e-16	-0.009203873667653628	-0.00972511851801694	0.00007000000000044408
WONB48_5	-0.9499148305033626	-0.9116759654995286	0	-0.010149169496637467	-0.00838203450047148	0.00007
WONB48_B2	-0.8753644443098182	-0.8646052108718533	0	-0.008366555690181854	-0.0071897891281467174	0.00007
WONB48_B5	-0.9413122536759505	-0.8455758165413138	-4.440892098500626e-16	-0.009342746324049522	-0.007339183458686227	0.00007000000000044408
WONB48_B10	-1.0235828451584625	-0.9291633867502646	-4.440892098500626e-16	-0.01153615484153736	-0.010173613249735425	0.00007000000000044408