52	-0.13677396349443374	-0.3990597251870721	0	-0.0018260365055662586	0.0004097251870721075	0.00042
WONB9	-0.3745372608862687	-1.116798471223236	0	-0.0035487391137312696	-0.009711528776763956	0.00007
WONB10	-1.6360089609076822	-1.1050590127799724	0	-0.025909039092317787	-0.017328987220027514	0.00007
WONB13	-1.1291091209253434	-0.9688189473398782	0	-0.014784879074656532	-0.012334052660121886	0.00007
WONB15	-1.8945676593691605	-0.7210152668236406	0	-0.029820340630839492	-0.010236733176359425	0.00007
WONB27	-0.610554663363859	-0.12328573565311139	0	-0.0013083366361410498	0.00002173565311139325	0.00007
WONB32	-1.3331259205746984	-0.3879924440763577	0	-0.016017079425301617	-0.004015555923642333	0.00007
WONB33	-0.6481358654544854	-0.5611615337028443	0	-0.003260134545514548	-0.002357466297155719	0.00007
WONB35	-1.917555365721339	-0.08963482289152033	0	-0.030450634278661015	-0.0007441771084796683	0.00007
WONB43	-1.6528348279197926	-0.2564800599033026	0	-0.02354817208020732	-0.0033049400966974063	0.00007
WONB10_2	-1.6087518525504199	-1.08444274632176	0	-0.025548147449580227	-0.016243253678239977	0.00007
WONB10_3	-1.5908115860198946	-1.1302082907952746	0	-0.025142413980105305	-0.017433709204725423	0.00007
WONB10_5	-1.6616388515753668	-1.125063039656401	0	-0.026304148424633134	-0.017190960343599127	0.00007
WONB10_B1	-1.6530526809759194	-1.0594833855219286	0	-0.026640319024080705	-0.016229614478071364	0.00007
WONB10_B5	-1.6857309406648815	-1.0889840943948426	0	-0.026573059335118554	-0.016629905605157536	0.00007
WONB13_1	-1.099809504187644	-0.9068776993165453	-4.440892098500626e-16	-0.014097495812356087	-0.01121230068345469	0.00007000000000044408
WONB13_2	-1.0902284950429293	-0.96113212377705	0	-0.01409050495707076	-0.012047876222950005	0.00007
WONB13_3	-1.080288354111226	-1.0158547118421826	4.440892098500626e-16	-0.014376645888773965	-0.013407288157817332	0.0000699999999995559
WONB13_5	-1.1664645638979352	-0.976351389819268	0	-0.0157994361020648	-0.012448610180732067	0.00007
WONB13_B1	-1.1390982269390078	-0.914926809967874	0	-0.014920773060992154	-0.01137419003212603	0.00007
WONB13_B5	-1.1872003700415608	-0.9277912815234951	0	-0.015468629958439228	-0.011871718476504922	0.00007
WONB13_B11	-1.181251384856448	-1.0225916148659424	0	-0.01662361514355193	-0.013082385134057573	0.00007
WONB15_2	-1.901963307317355	-0.6750737326267781	0	-0.02983869268264505	-0.009627267373221948	0.00007
WONB15_3	-1.8740877587534812	-0.6646828750577375	0	-0.029115241246518764	-0.010077124942262539	0.00007
WONB15_5	-1.8849215364225957	-0.7668315740613914	0	-0.029374463577404253	-0.011530425938608646	0.00007
WONB15_B1	-1.922889802750574	-0.7309713123748006	0	-0.030196197249426016	-0.010755687625199406	0.00007
WONB27_1	-0.6565222035595605	-0.049473880767090306	0	-0.0015727964404395056	0.00010388076709030858	0.00007
WONB27_2	-0.6046856580439695	-0.0579798365223955	0	-0.0013133419560305004	0.000343836522395502	0.00007
WONB27_3	-0.5529185466010094	-0.06664195776064558	0	-0.001008453398990583	0.00011895776064557717	0.00007
WONB27_5	-0.6164086246150416	-0.18854922051312922	0	-0.001231375384958322	-0.0002377794868707872	0.00007
WONB27_B1	-0.6617723046400977	-0.11432785568445948	0	-0.0017226953599022155	0.00030185568445947886	0.00007
WONB27_B7	-0.6479939007443846	-0.2381167241062788	0	-0.0016900992556154737	-0.00018427589372121966	0.00007
WONB27_B12	-0.5703054855706471	-0.2191908645697726	0	-0.0010355144293529017	-0.0003771354302274099	0.00007
WONB32_5	-1.354048768767966	-0.42815560312322554	0	-0.01653623123203385	-0.004748396876774474	0.00007
WONB32_B12	-1.3348015261366093	-0.4731057745689994	0	-0.01640547386339075	-0.005535225431000601	0.00007
WONB33_1	-0.6225983632335668	-0.48496582740991345	0	-0.0025316367664331985	-0.0015051725900865343	0.00007
WONB33_2	-0.6044516444609991	-0.5408743961830793	0	-0.0026043555390009576	-0.001890603816920744	0.00007
WONB33_3	-0.5859787367639023	-0.5971749667124621	0	-0.002680263236097713	-0.002317033287537962	0.00007
WONB33_5	-0.6885145167545994	-0.5805470087129808	0	-0.004104483245400581	-0.0030199912870191303	0.00007
WONB33_B1	-0.666042025082544	-0.5053690778798546	4.440892098500626e-16	-0.003175974917456026	-0.001977922120145359	0.0000699999999995559
WONB33_B8	-0.7301666225586858	-0.586534879312557	0	-0.004271377441314228	-0.003124120687443055	0.00007
WONB33_B13	-0.6712234889784152	-0.6362542647129746	-4.440892098500626e-16	-0.003782511021584778	-0.0033257352870253998	0.00007000000000044408
WONB35_1	-1.9133450567527497	-0.023854659596601015	0	-0.030302943247250358	0.00013865959660101443	0.00007
WONB35_2	-1.8948937225411648	-0.05973437824832668	0	-0.03019727745883527	-0.0004456217516733141	0.00007
WONB35_3	-1.8763392768404663	-0.09634364883505712	4.440892098500626e-16	-0.02931572315953379	-0.0008003511649428696	0.0000699999999995559
WONB35_5	-1.9378532378753262	-0.11898923727337596	4.440892098500626e-16	-0.030647762124673905	-0.0014027627266240406	0.0000699999999995559
WONB35_B1	-1.9351206763645477	-0.05343430326047113	0	-0.030958323635452256	-0.00048469673952886844	0.00007
WONB35_B8	-1.9607425275688826	-0.1393218195092664	4.440892098500626e-16	-0.03174747243111753	-0.0016461804907336175	0.0000699999999995559
WONB35_B15	-1.9077136032600241	-0.13366591998622557	0	-0.030246396739975756	-0.001524080013774437	0.00007
WONB43_1	-1.6809089005010502	-0.20465148350495113	0	-0.02481309949894972	-0.0025485164950488637	0.00007
WONB43_2	-1.650528951746921	-0.20707471070019404	0	-0.023901048253079038	-0.0025932892998059565	0.00007
WONB43_3	-1.619477403110846	-0.20924179486193314	0	-0.023031596889153905	-0.0024702051380668666	0.00007
WONB43_5	-1.6531781718483447	-0.3058633439042766	-4.440892098500626e-16	-0.02446582815165521	-0.003936656095723412	0.00007000000000044408
WONB43_B1	-1.6841184396479147	-0.2536805875460978	0	-0.02513156035208519	-0.0033324124539022004	0.00007
WONB43_B11	-1.6288246033543041	-0.33877909163879094	0	-0.0233803966456958	-0.004242908361209052	0.00007
WONB43_B14	-1.6232430504587108	-0.2922052485335348	0	-0.022944949541289228	-0.0032107514664652115	0.00007
WONB9_1	-0.36301331611739474	-1.0315279946255291	0	-0.002690683882605238	-0.0076040053744708125	0.00007
WONB9_2	-0.333955883052578	-1.087251768315401	0	-0.002946116947421973	-0.008758231684598883	0.00007
WONB9_3	-0.30504558963316913	-1.1437748396063956	0	-0.002640410366830881	-0.009872160393604501	0.00007
WONB9_5	-0.4141747770994218	-1.1456826197845014	0	-0.003754222900578197	-0.010598380215498526	0.00007
WONB9_B1	-0.40364516913509807	-1.0613891011518488	0	-0.0027628308649019218	-0.00849189884815127	0.00007
WONB9_B4	-0.44264796705329024	-1.0904962037066053	0	-0.004132032946709774	-0.00950179629339476	0.00007
WONB9_B15	-0.36096346333464596	-1.1794239201860617	0	-0.003598536665354035	-0.011136079813938382	0.00007