WONB25	-1.1647480279446607	-0.01784851553460198	4.440892098500626e-16	-0.012518972055339361	-0.0006654844653980196	0.0000699999999995559
WONB26	-2.2341502070108064	-0.18888877300810544	-4.440892098500626e-16	-0.03775379298919379	-0.0028122269918945675	0.00007000000000044408
WONB30	-1.68026764234006	-0.5442522497298282	-4.440892098500626e-16	-0.027112357659939912	-0.008813750270171727	0.00007000000000044408
WONB46	-1.0071695947622314	-0.9720469845976726	0	-0.011582405237768656	-0.012100015402327413	0.00007
WONB25_1	-1.260643097136484	-0.000030127584074782915	0	-0.015186902863516094	-0.000489872415925217	0.00007
WONB25_5	-1.1326487606982978	-0.0650927714056076	0	-0.011479239301702249	-0.0009722285943924019	0.00007
WONB25_B1	-1.2296503901914908	-0.044604799949994486	-4.440892098500626e-16	-0.014555609808509118	-0.0010942000500055102	0.00007000000000044408
WONB25_B7	-1.1399228687440008	-0.12067762625790315	-4.440892098500626e-16	-0.012109131255999106	-0.001788373742096852	0.00007000000000044408
WONB25_B10	-1.0704388189450695	-0.09102818159861138	-4.440892098500626e-16	-0.009774181054930553	-0.0013668184013886225	0.00007000000000044408
WONB26_3	-2.2537242774368806	-0.11299403421823032	0	-0.038460722563119276	-0.0017119657817696865	0.00007
WONB26_B7	-2.1321180278480227	-0.2647181129399795	0	-0.03571397215197747	-0.004168887060020499	0.00007
WONB26_B11	-2.0853809467207394	-0.18515207355268037	0	-0.03656105327926085	-0.003015926447319628	0.00007
WONB30_1	-1.7413796725539417	-0.4755232333832776	-4.440892098500626e-16	-0.028067327446058332	-0.007377766616722403	0.00007000000000044408
WONB30_2	-1.6607072561299567	-0.4799613548556162	4.440892098500626e-16	-0.025993743870043273	-0.0072516451443838115	0.0000699999999995559
WONB30_3	-1.5797337836988834	-0.4850881817653432	-4.440892098500626e-16	-0.024541216301116497	-0.007583818234656814	0.00007000000000044408
WONB30_5	-1.6994195793548739	-0.6123685272644509	-4.440892098500626e-16	-0.02713942064512609	-0.010055472735549076	0.00007000000000044408
WONB30_B1	-1.761771952729357	-0.5401578642392342	0	-0.028687047270643085	-0.00848313576076587	0.00007
WONB30_B7	-1.761146064199647	-0.6697378955191864	0	-0.02879593580035289	-0.010612104480813622	0.00007
WONB30_B15	-1.609005904726588	-0.5702248070365671	-4.440892098500626e-16	-0.02519809527341188	-0.009032192963432939	0.00007000000000044408
WONB46_1	-1.0911398352591957	-0.907130627923989	0	-0.013594164740804437	-0.011356372076011034	0.00007
WONB46_2	-1.0081554316257721	-0.8996118588165765	0	-0.011219568374227773	-0.010361141183423572	0.00007
WONB46_3	-0.9252739480773347	-0.8916536954836692	0	-0.009631051922665335	-0.0100573045163308	0.00007
WONB46_5	-1.0062243128527053	-1.0491210416314876	0	-0.012422687147294775	-0.01324495836851236	0.00007
WONB46_B2	-1.0868462671431551	-1.0041614709613509	-4.440892098500626e-16	-0.013671732856844976	-0.01314052903864904	0.00007000000000044408
WONB46_B5	-1.086575358450846	-1.082575970943499	0	-0.013399641549153962	-0.014702029056500976	0.00007
WONB46_B8	-1.0248608609952514	-1.12786999202085	4.440892098500626e-16	-0.012718139004748608	-0.014780007979150023	0.0000699999999995559