2	-1.6500636349083493	-0.4466109002088504	0	-0.024686365091650675	-0.007514099791149587	0.00042
WONB32	-0.09742460004188394	-1.0841507374081603	0	-0.0010803999581160545	-0.008816262591839763	0.00007
WONB35	-1.2087109015391984	-0.7699048269999338	0	-0.015669098460801667	-0.009978173000066204	0.00007
WONB37	-0.34697710807638643	-0.4236652255579014	0	-0.0005238919236135731	-0.0011317744420985543	0.00007
WONB43	-0.6690186537602276	-0.961645296365219	0	-0.0064533462397723396	-0.008792703634781018	0.00007
WONB32_1	-0.11070968228957664	-0.9975743650184575	0	-0.0008993177104233557	-0.007072634981542536	0.00007
WONB32_2	-0.061699564436564	-1.0333607078761065	0	-0.0009184355634359945	-0.007650292123893454	0.00007
WONB32_3	-0.012139810291210792	-1.0695100307594918	0	-0.0008311897087892074	-0.008233969240508232	0.00007
WONB32_5	-0.1334536494813817	-1.1353894887069835	0	-0.001559350518618302	-0.009672511293016495	0.00007
WONB32_B1	-0.14657790899014123	-1.048477042766373	0	-0.0014120910098587847	-0.008063957233626962	0.00007
WONB32_B8	-0.17971676390166663	-1.1771663595450441	0	-0.0022082360983333715	-0.010873640454955869	0.00007
WONB32_B12	-0.09856617997390982	-1.1866590113395956	0	-0.0015898200260901774	-0.01089598866040431	0.00007
WONB35_1	-1.1991486447430402	-0.6821594407407277	0	-0.015199355256959812	-0.008364559259272375	0.00007
WONB35_2	-1.1602299732569308	-0.728566062432881	0	-0.013993026743069237	-0.008812937567118984	0.00007
WONB35_3	-1.1211463772418253	-0.7756642573250946	0	-0.013632622758174673	-0.009533742674905366	0.00007
WONB35_5	-1.2563123206077171	-0.810889741382528	0	-0.0171326793922828	-0.011001258617472032	0.00007
WONB35_B1	-1.2472419307915656	-0.7228320456409836	0	-0.01659006920843442	-0.009607954359016402	0.00007
WONB35_B8	-1.3118702887589153	-0.840443161708161	0	-0.01844371124108468	-0.01159983829183897	0.00007
WONB35_B15	-1.1878338244525157	-0.8278601380149467	0	-0.015494175547484224	-0.010629861985053224	0.00007
WONB37_1	-0.29912227761916355	-0.4941987340129831	0	-0.000536722380836463	-0.0012792659870168865	0.00007
WONB37_2	-0.3582396602676191	-0.48281126545453645	0	-0.0007133397323809132	-0.0014407345454635623	0.00007
WONB37_3	-0.4176906218527756	-0.47151667783792583	0	-0.0012293781472244025	-0.001709322162074145	0.00007
WONB37_5	-0.3351925909951707	-0.3645167307660242	0	-0.0006424090048293141	-0.0009482692339757848	0.00007
WONB37_B1	-0.287665819692937	-0.43490746755941967	0	-0.0004721803070630304	-0.0009035324405803347	0.00007
WONB37_B9	-0.3371593185236046	-0.3047092406966455	-4.440892098500626e-16	-0.0008046814763953969	-0.0006317593033544622	0.00007000000000044408
WONB37_B13	-0.3945740901106945	-0.3532330880510999	0	-0.0009649098893054764	-0.0008919119489001481	0.00007
WONB43_1	-0.7285060560403859	-0.8988040405718355	0	-0.006807943959614149	-0.008402959428164491	0.00007
WONB43_2	-0.6673396727150409	-0.8987690829756744	0	-0.00566132728495905	-0.00795691702432566	0.00007
WONB43_3	-0.6057337709867043	-0.8983453912388012	0	-0.005289229013295649	-0.007683608761198779	0.00007
WONB43_5	-0.6704115755486031	-1.0246181167303046	0	-0.006564424451396933	-0.010143883269695397	0.00007
WONB43_B1	-0.730795529944508	-0.9617092862973738	0	-0.0071494700554919355	-0.009911713702626113	0.00007
WONB43_B11	-0.6228952473244124	-1.0633051615707012	0	-0.006430752675587681	-0.010723838429298693	0.00007
WONB43_B14	-0.6116467752098165	-1.0034282787545796	4.440892098500626e-16	-0.005818224790183568	-0.009386721245420393	0.0000699999999995559
WONB45_3	-1.105732117802963	-0.0232849212406436	-4.440892098500626e-16	-0.010097882197037	-0.0004430787593564002	0.00007000000000044408