WONB1	-1.4683568107907825	-0.9731937503593313	0	-0.021852189209217387	-0.012444249640668703	0.00007
WONB11	-0.6704792263632898	-0.4450585536862006	0	-0.003520773636710217	-0.002423446313799371	0.00007
WONB24	-1.6077291402316107	-0.5484490092653813	0	-0.022785859768389205	-0.007388990734618739	0.00007
WONB45	-0.22293677827360153	-0.8176845186980943	4.440892098500626e-16	-0.0015062217263984712	-0.004682481301905628	0.0000699999999995559
WONB46	-0.6300146937147958	0.0012356080196165818	4.440892098500626e-16	-0.0020303062852041753	-0.00037260801961658176	0.0000699999999995559
WONB11_1	-0.596560739259227	-0.41145361928177715	0	-0.0029312607407729896	-0.0021753807182228746	0.00007
WONB11_2	-0.6124915663046179	-0.45737957572715005	0	-0.0031324336953820753	-0.0025364242728499464	0.00007
WONB11_3	-0.6285711742186929	-0.504780805076711	0	-0.003372825781307043	-0.002855194923289006	0.00007
WONB11_5	-0.7287764215088735	-0.43334612381658655	0	-0.004250578491126533	-0.0029948761834134308	0.00007
WONB11_B1	-0.6542245448798423	-0.3986409939196869	0	-0.003390455120157676	-0.002120006080313097	0.00007
WONB11_B5	-0.7315754584852613	-0.3860740373985787	0	-0.004312541514738699	-0.0025519626014213204	0.00007
WONB11_B9	-0.7889280066484836	-0.43315429746502465	0	-0.005368993351516416	-0.0026297025349753533	0.00007
WONB1_1	-1.4311726686890565	-0.8909822593091107	0	-0.020906331310943438	-0.011405740690889288	0.00007
WONB1_2	-1.4031421011457803	-0.940767175758724	-4.440892098500626e-16	-0.019942898854219626	-0.011799824241276013	0.00007000000000044408
WONB1_3	-1.3738037079516239	-0.9924175146324035	-4.440892098500626e-16	-0.019783292048376033	-0.012447485367596434	0.00007000000000044408
WONB1_5	-1.5345488996358196	-1.007131895094155	0	-0.022892100364180434	-0.01361810490584503	0.00007
WONB1_B1	-1.4970299316990048	-0.9220248945854074	0	-0.02157706830099526	-0.011830105414592618	0.00007
WONB1_B4	-1.5626067186709838	-0.9553727217110604	0	-0.023146281329016194	-0.012639278288939626	0.00007
WONB1_B7	-1.6036260897781636	-1.0065222948082408	0	-0.026447910221836457	-0.015746705191759247	0.00007
WONB24_1	-1.702608199336715	-0.5656343680634225	0	-0.024333800663284944	-0.007983631936577473	0.00007
WONB24_2	-1.6555762893657149	-0.5215707018769529	-4.440892098500626e-16	-0.02427571063428502	-0.00720829812304713	0.00007000000000044408
WONB24_3	-1.6096652080920182	-0.4798741509792571	0	-0.02284479190798172	-0.006604849020742876	0.00007
WONB24_5	-1.5582656709042264	-0.5776021318901299	0	-0.021666329095773484	-0.007436868109870098	0.00007
WONB24_B1	-1.6535720110722534	-0.592500007708547	0	-0.024105988927746624	-0.007931992291452916	0.00007
WONB24_B6	-1.562888554824752	-0.6309620396100521	0	-0.022365445175247967	-0.008002960389947855	0.00007
WONB24_B15	-1.5489891932964017	-0.5169926381918178	0	-0.022154806703598373	-0.006541361808182211	0.00007
WONB45_1	-0.24667057195405323	-0.7434890219350557	0	-0.001150428045946783	-0.003909978064944308	0.00007
WONB45_2	-0.19236977825214432	-0.7717871554858506	-4.440892098500626e-16	-0.0011222217478556729	-0.003812844514149316	0.00007000000000044408
WONB45_3	-0.13780927045750954	-0.7993998025461462	0	-0.0009027295424904602	-0.00434219745385378	0.00007
WONB45_5	-0.25413916418706145	-0.8653361210899864	0	-0.0017698358129385472	-0.005312878910013641	0.00007
WONB45_B1	-0.27752027049339856	-0.7884211237049106	0	-0.0015917295066014692	-0.004490876295089374	0.00007
WONB45_B12	-0.21191182706769263	-0.9082791361596136	-4.440892098500626e-16	-0.0018291729323073602	-0.006227863840386316	0.00007000000000044408
WONB45_B15	-0.18109904464548987	-0.8596544474645709	0	-0.0013379553545101175	-0.005057552535429166	0.00007
WONB46_5	-0.6223445760054953	-0.03916698839791894	4.440892098500626e-16	-0.0020054239945046515	-0.0007290116020810603	0.0000699999999995559
WONB46_B2	-0.6786211095061201	-0.016864200378372995	0	-0.002408890493879934	-0.00045879962162700613	0.00007
WONB46_B5	-0.6711660679006098	-0.05802020945690261	0	-0.002548932099390111	-0.00043379054309738985	0.00007
WONB46_B8	-0.6271671331644979	-0.08036750911503103	-4.440892098500626e-16	-0.0019778668355020512	-0.0007224908849689654	0.00007000000000044408