WONB3	-0.12438421744355288	-0.5438012955133421	0	-0.00263178255644711	-0.0005607044866579036	0.00007
WONB4	-0.4824741941300292	-1.1869455979381658	0	-0.006077805869970809	-0.009929402061834125	0.00007
WONB5	-1.4394861153030292	-0.5860549267432623	0	-0.01874988469697092	-0.007338073256737632	0.00007
WONB19	-1.9647207138373388	-1.2178772788840115	0	-0.03261128616266129	-0.019649721115988505	0.00007
WONB21	-1.9677608130913287	-0.2774703544993593	4.440892098500626e-16	-0.03123518690867133	-0.004314645500640701	0.0000699999999995559
WONB22	-1.1102950479522933	-1.0578457310798854	0	-0.015254952047706771	-0.012976268920114498	0.00007
WONB38	-0.9746843363955731	-0.410363262972523	0	-0.006539663604426926	-0.002185737027476986	0.00007
WONB44	-1.9479249634602867	-0.7739338951296765	4.440892098500626e-16	-0.03159303653971346	-0.013016104870323564	0.0000699999999995559
WONB19_2	-1.9862748816250653	-1.2605584961309264	0	-0.03287711837493479	-0.020019503869073585	0.00007
WONB19_B6	-1.8910375499440342	-1.1655215952043911	4.440892098500626e-16	-0.03072645005596586	-0.01879940479560882	0.0000699999999995559
WONB21_1	-2.029595627989914	-0.3133882128705926	0	-0.03327537201008601	-0.0066347871294074046	0.00007
WONB21_3	-2.0060161021551797	-0.2133878378475565	0	-0.03236889784482022	-0.003955162152443514	0.00007
WONB21_B1	-1.979643272166522	-0.32730688903781846	0	-0.03177572783347804	-0.005117110962181537	0.00007
WONB21_B6	-1.8948643618193195	-0.33855702813919886	0	-0.029975638180680608	-0.005729971860801153	0.00007
WONB22_1	-1.0873326773577416	-1.1264728451942336	0	-0.014480322642258292	-0.013359154805766327	0.00007
WONB22_2	-1.1329306060831077	-1.1020145483157298	0	-0.014955393916892268	-0.012843451684270146	0.00007
WONB22_3	-1.1786455516276375	-1.076924066679235	0	-0.015820448372362517	-0.013543933320764978	0.00007
WONB22_5	-1.086991405785473	-1.0134118753234824	4.440892098500626e-16	-0.014016594214526945	-0.011538124676517603	0.0000699999999995559
WONB22_B1	-1.06517371786258	-1.0830516839746727	0	-0.014338282137420055	-0.012444316025327362	0.00007
WONB22_B6	-1.0373784782610271	-1.0056125538462775	0	-0.013213521738972833	-0.011257446153722483	0.00007
WONB22_B13	-1.1326079059609264	-0.988855468167511	0	-0.014945094039073625	-0.010830531832488943	0.00007
WONB38_1	-1.0340376882349636	-0.45093315834981973	4.440892098500626e-16	-0.008337311765036493	-0.002976841650180251	0.0000699999999995559
WONB38_2	-1.0252933373084816	-0.3998131569618364	0	-0.007780662691518447	-0.0023828430381636068	0.00007
WONB38_3	-1.016519182255094	-0.34842768530186174	0	-0.007322817744905841	-0.002140314698138246	0.00007
WONB38_5	-0.9234876734685453	-0.42036980000564517	0	-0.006273326531454626	-0.0020291999943548578	0.00007
WONB38_B1	-0.9836777830986327	-0.46153040402859036	0	-0.007516216901367279	-0.0024565959714096253	0.00007
WONB38_B9	-0.8711942426729532	-0.41848125696240057	0	-0.0055317573270468046	-0.0016237430375994344	0.00007
WONB38_B14	-0.9320445093703662	-0.3687894535584675	0	-0.006155490629633831	-0.001475546441532527	0.00007
WONB3_1	-0.1655946413696262	-0.48062163785678147	0	-0.0025673586303738005	-0.0005083621432185326	0.00007
WONB3_2	-0.11342297859481221	-0.49248114922525565	-4.440892098500626e-16	-0.0025450214051877945	-0.00041385077474437315	0.00007000000000044408
WONB3_3	-0.0613388299254971	-0.5037522176381559	0	-0.0025781700745029015	-0.00011678236184409219	0.00007
WONB3_5	-0.1354242128413588	-0.5950869617508994	0	-0.002627787158641204	-0.0005460382491006	0.00007
WONB3_B1	-0.17650098733068545	-0.5323851975625932	4.440892098500626e-16	-0.002694012669314544	-0.0002208024374068529	0.0000699999999995559
WONB3_B4	-0.1874390869176223	-0.5836452293126725	0	-0.0026749130823777167	-0.0005767706873275324	0.00007
WONB3_B9	-0.13427271506324712	-0.647304540711293	4.440892098500626e-16	-0.0026672849367528895	-0.0009054592887070001	0.0000699999999995559
WONB44_1	-1.9128375477369834	-0.8383394456897201	4.440892098500626e-16	-0.031349452263016664	-0.014447554310279886	0.0000699999999995559
WONB44_3	-2.010511092745763	-0.8039561838634484	0	-0.0325569072542371	-0.01448781613655159	0.00007
WONB44_5	-1.932461501344343	-0.7254953783974569	0	-0.031996498655657124	-0.013035621602543124	0.00007
WONB44_B11	-1.9612668186882884	-0.6824835629279896	0	-0.03262518131171155	-0.01124043707201039	0.00007
WONB44_B15	-1.9895768246529961	-0.7418567144143874	4.440892098500626e-16	-0.03250217534700406	-0.012683285585612603	0.0000699999999995559
WONB4_1	-0.47719837323641273	-1.2584599247530897	4.440892098500626e-16	-0.006346626763587271	-0.011609075246910239	0.0000699999999995559
WONB4_2	-0.5160204273747477	-1.2236462099953112	0	-0.006285572625252311	-0.011156790004688943	0.00007
WONB4_3	-0.5548911485230609	-1.188908365299417	0	-0.006787851476939166	-0.010435634700582952	0.00007
WONB4_5	-0.4485077102045241	-1.1496480833595017	4.440892098500626e-16	-0.005313289795475851	-0.008872916640498163	0.0000699999999995559
WONB4_B1	-0.4437342837487526	-1.221808784174908	4.440892098500626e-16	-0.005689716251247368	-0.01021821582509208	0.0000699999999995559
WONB4_B4	-0.4096900272909569	-1.184596235894332	0	-0.004691972709043091	-0.00958976410566792	0.00007
WONB4_B10	-0.4404391169560197	-1.0989386605066522	0	-0.005135883043980272	-0.00805633949334772	0.00007
WONB5_1	-1.4954194553293785	-0.5376335633992345	0	-0.01983554467062154	-0.00744243660076549	0.00007
WONB5_2	-1.4444756303352877	-0.5347633038437868	0	-0.018592369664712338	-0.00608469615621321	0.00007
WONB5_3	-1.3935718648714766	-0.5320147324265627	0	-0.01729613512852346	-0.005916267573437328	0.00007
WONB5_5	-1.4343711061283715	-0.637331770868858	0	-0.018811893871628405	-0.0080052291311421	0.00007
WONB5_B1	-1.490399242778386	-0.5889374748125862	0	-0.020101757221614003	-0.007850525187413804	0.00007
WONB5_B4	-1.4852060345154685	-0.6398807683123066	-4.440892098500626e-16	-0.020080965484531532	-0.008712231687693417	0.00007000000000044408
WONB5_B11	-1.391494898719065	-0.6670033100663081	0	-0.017481101280935052	-0.008078689933691874	0.00007