WONB11	-1.8171418430226693	-0.016696083091300856	0	-0.028756156977330694	-0.000058916908699142845	0.00007
WONB20	-1.3219640127931578	-0.20376307102706875	0	-0.015437987206842196	-0.0033559289729312436	0.00007
WONB32	-1.0110011049239618	-0.92178194305338	0	-0.012295895076038121	-0.01060505694661995	0.00007
WONB33	-0.37335733040330654	-0.516270422984918	0	-0.00032266959669347006	-0.0014785770150820277	0.00007
WONB35	-1.6047831505520498	-1.1056112403819582	-4.440892098500626e-16	-0.02606284944795023	-0.016293759618041692	0.00007000000000044408
WONB37	-1.38703902938192	-0.5162188223036659	0	-0.018406970618080054	-0.004617177696334074	0.00007
WONB43	-1.326226862768596	-1.0527948646676117	-4.440892098500626e-16	-0.019370137231403906	-0.014520135332388273	0.00007000000000044408
WONB45	-1.8372694382567805	-0.4993981373599824	4.440892098500626e-16	-0.029389561743219605	-0.008887862640017619	0.0000699999999995559
WONB11_1	-1.778988393207934	-0.04643813442421765	4.440892098500626e-16	-0.027743606792066	-0.00042386557578234785	0.0000699999999995559
WONB11_2	-1.8040278972866863	-0.0627091364612288	0	-0.028015102713313755	-0.0012848635387711915	0.00007
WONB11_B1	-1.7933145125751926	-0.00010500331507909758	0	-0.02775548742480738	0.000037003315079097576	0.00007
WONB13_1	-0.556252976800632	-1.2464754933908768	0	-0.006443023199367959	-0.01393450660912321	0.00007
WONB13_2	-0.5190383838308092	-1.2943455784163258	0	-0.006560616169190792	-0.010534421583674236	0.00007
WONB13_B1	-0.5853080808305758	-1.2872949902761304	0	-0.007159919169424156	-0.014033009723869672	0.00007
WONB20_1	-1.2703304058564926	-0.25445111165059353	0	-0.013951594143507329	-0.0040628883494064905	0.00007
WONB20_2	-1.3088710260261318	-0.26406671044444596	0	-0.014811973973868131	-0.0033532895555540287	0.00007
WONB20_3	-1.3474489299071026	-0.27398916614870983	0	-0.01533607009289728	-0.004068833851290199	0.00007
WONB20_5	-1.3322086930053996	-0.14291011910933496	0	-0.015225306994600452	-0.0024848808906650366	0.00007
WONB20_B1	-1.2834784562162054	-0.19327561572570595	0	-0.01373054378379468	-0.0027683842742940445	0.00007
WONB20_B6	-1.3083281606868429	-0.0964523680249695	0	-0.014367839313157216	-0.001837631975030507	0.00007
WONB20_B11	-1.367797524115246	-0.1139386353344384	0	-0.016032475884753872	-0.002308364665561599	0.00007
WONB27_B7	-0.6277014821010547	-0.06038372014883995	4.440892098500626e-16	-0.001654517898945329	-0.0014302798511600517	0.0000699999999995559
WONB32_1	-1.0530906342712194	-0.857840457924356	0	-0.012350365728780677	-0.009620542075644	0.00007
WONB32_2	-1.0134801744839448	-0.8656003233226635	0	-0.011478825516055169	-0.009513676677336491	0.00007
WONB32_5	-1.0082690790604398	-0.9780843114909752	0	-0.012269920939560253	-0.011361688509024859	0.00007
WONB32_B1	-1.0507547634259846	-0.9138032801426293	0	-0.01278123657401542	-0.010938719857370605	0.00007
WONB33_1	-0.39265551825138145	-0.42477841185677856	0	0.000041518251381433835	-0.001181588143221446	0.00007
WONB33_2	-0.348168505790588	-0.46162817627414177	0	0.00020850579058800944	-0.0014578237258582316	0.00007
WONB33_3	-0.3025657148144642	-0.4993311116459149	0	-0.000057285185535771443	-0.0017478883540851253	0.00007
WONB33_5	-0.39544094601329327	-0.5692249281310393	0	-0.00008405398670674469	-0.0020390718689606846	0.00007
WONB33_B1	-0.41764945154803323	-0.4788113968564144	0	-0.0005785484519667539	-0.001786603143585641	0.00007
WONB33_B8	-0.42524009954261	-0.6115911460634589	0	-0.001154900457390029	-0.003163853936541172	0.00007
WONB33_B13	-0.35147766803203745	-0.6074925490302459	0	-0.0010233319679625597	-0.0023424509697541618	0.00007
WONB35_1	-1.6288112585412264	-1.0403739121633895	0	-0.025907741458773614	-0.014997087836610579	0.00007
WONB35_2	-1.599654008539167	-1.0595420000560818	0	-0.025638991460833038	-0.015940999943918177	0.00007
WONB35_3	-1.5699691009914212	-1.0793814522864251	0	-0.024916899008578852	-0.01686454771357493	0.00007
WONB35_B1	-1.6332654066092929	-1.085569784728265	4.440892098500626e-16	-0.026877593390707055	-0.01578621527173496	0.0000699999999995559
WONB35_B8	-1.6163104844132798	-1.189372523737367	0	-0.02540951558672022	-0.01750647626263313	0.00007
WONB35_B15	-1.5787231901265073	-1.1395783511100677	0	-0.02485780987349262	-0.016483648889932256	0.00007
WONB37_2	-1.363985062488345	-0.564600199336685	0	-0.017330937511655042	-0.007155800663315004	0.00007
WONB37_3	-1.3934625764160018	-0.5821677741096801	0	-0.018656423583998105	-0.007283225890319822	0.00007
WONB37_5	-1.404450454708039	-0.46659148490518043	0	-0.01833454529196099	-0.005874515094819566	0.00007
WONB37_B1	-1.3572244925344314	-0.49801200166454473	4.440892098500626e-16	-0.017055507465568498	-0.005779998335455283	0.0000699999999995559
WONB37_B9	-1.4246873974692291	-0.4221489024544003	0	-0.018792602530770974	-0.005044097545599702	0.00007
WONB37_B13	-1.4337568058243029	-0.48490028244147143	0	-0.019140194175697234	-0.005873717558528557	0.00007
WONB43_1	-1.3704317068730996	-1.0273104711964813	0	-0.02003129312690044	-0.013838528803518768	0.00007
WONB43_3	-1.3210457158021869	-0.9809508621926442	-4.440892098500626e-16	-0.01919828419781311	-0.014742137807355893	0.00007000000000044408
WONB43_B1	-1.3519001444395133	-1.0756283521380865	0	-0.020702855560486677	-0.01427364786191343	0.00007
WONB43_B11	-1.2701839853881594	-1.1128310978649771	0	-0.017675014611840734	-0.021266902135022914	0.00007
WONB43_B14	-1.2869747405313163	-1.0630663185751414	0	-0.018903259468683764	-0.013662681424858603	0.00007
WONB45_1	-1.813921458598	-0.45251656346355174	0	-0.029103541402	-0.005688436536448238	0.00007
WONB45_3	-1.805411557130082	-0.548709654630163	0	-0.029209442869918112	-0.007540345369837054	0.00007
WONB45_5	-1.8634445720629689	-0.49789877792397885	0	-0.03049042793703105	-0.006809222076021193	0.00007
WONB45_B1	-1.842766277497417	-0.45180216440237253	0	-0.030469722502582952	-0.005409835597627477	0.00007
WONB45_B12	-1.868255602638161	-0.5420959322558765	0	-0.030218397361839067	-0.008547067744123504	0.00007
WONB45_B15	-1.842383212359422	-0.5437700066497375	-4.440892098500626e-16	-0.02979478764057797	-0.00909299335026248	0.00007000000000044408