45	-0.4634477666144971	-0.836102885834846	4.440892098500626e-16	-0.005902233385502886	-0.005997114165153916	0.00041999999999955593
47	-0.24734869527115055	-0.7764681456455637	-4.440892098500626e-16	0.0009486952711505459	-0.010331854354436398	0.0004200000000004441
48	-0.23151877489391587	-0.5976343998448782	0	0.0064687748939158685	0.0008843998448782031	0.00042
WONB7	-2.0133190490068316	-1.1601336413540466	0	-0.03197695099316844	-0.017793358645953328	0.00007
WONB9	-1.450943483128194	-0.39295074789434326	0	-0.01955651687180593	-0.0045282521056567715	0.00007
WONB12	-2.0200860128925098	-0.3344680317663321	0	-0.03324298710749041	-0.004332968233667911	0.00007
WONB27	-0.9620084664397828	-0.4373989430107976	-4.440892098500626e-16	-0.006689533560217176	-0.004820056989202348	0.00007000000000044408
WONB31	-1.8239847839308385	-0.7505622340486753	0	-0.02958921606916154	-0.011328765951324704	0.00007
WONB42	-1.346735210293951	-0.9882808195004692	0	-0.019883789706049093	-0.01426418049953082	0.00007
WONB47	-0.765289012045176	-1.1372902659402513	4.440892098500626e-16	-0.009122987954824024	-0.013524734059748633	0.0000699999999995559
WONB12_1	-1.975599499246493	-0.34600832613806554	0	-0.03206950075350701	-0.0049896738619344405	0.00007
WONB12_2	-1.9994209631843538	-0.3762664160839764	0	-0.03317203681564607	-0.005293583916023636	0.00007
WONB12_3	-2.0234884815136214	-0.4052517257916467	0	-0.03304651848637841	-0.005752274208353281	0.00007
WONB12_5	-2.0367375987604537	-0.29332632910794487	0	-0.03328340123954643	-0.003632670892055101	0.00007
WONB12_B1	-1.996054979062166	-0.3048319783808259	0	-0.03317502093783409	-0.004063021619174101	0.00007
WONB12_B5	-2.020181080680827	-0.2515423334468586	0	-0.033167919319172956	-0.0030246665531413752	0.00007
WONB12_B10	-2.0635646972855337	-0.273868347679446	0	-0.033852302714466376	-0.004074652320553984	0.00007
WONB27_1	-0.9050831084947557	-0.38205168277461055	4.440892098500626e-16	-0.005432891505244286	-0.0038833172253894266	0.0000699999999995559
WONB27_2	-0.9110050187492663	-0.45028506996322204	0	-0.006147981250733681	-0.004516930036777944	0.00007
WONB27_3	-0.9178330213831739	-0.5183343641486731	4.440892098500626e-16	-0.006265978616826096	-0.005486635851326915	0.0000699999999995559
WONB27_5	-1.0121668000863713	-0.4246049281183476	4.440892098500626e-16	-0.007699199913628663	-0.004785071881652392	0.0000699999999995559
WONB27_B1	-0.9557881394391644	-0.36977036005180375	4.440892098500626e-16	-0.006479860560835604	-0.004115639948196248	0.0000699999999995559
WONB27_B7	-1.0498970231872538	-0.3784041980944738	0	-0.0083929768127462	-0.0046678019055262365	0.00007
WONB27_B12	-1.0352943930634892	-0.48371751970831167	-4.440892098500626e-16	-0.008594606936510818	-0.005921480291688319	0.00007000000000044408
WONB31_1	-1.782300889622035	-0.719312197983853	0	-0.028544110377965115	-0.010908802016146968	0.00007
WONB31_2	-1.7897816621701979	-0.7692515821316078	0	-0.028848337829802118	-0.011265417868392191	0.00007
WONB31_3	-1.7962695478913695	-0.8183217417530684	0	-0.0291914521086305	-0.012161258246931594	0.00007
WONB31_5	-1.8574680623699418	-0.7324104458828594	0	-0.03005993763005832	-0.010714554117140618	0.00007
WONB31_B1	-1.8165790715646648	-0.7012524865342774	0	-0.029007928435335284	-0.010349513465722548	0.00007
WONB31_B8	-1.887546984730689	-0.703624814460985	0	-0.031190015269310978	-0.010458185539015008	0.00007
WONB31_B11	-1.8831160748021225	-0.7592162084443732	0	-0.031208925197877546	-0.011524791555626801	0.00007
WONB3_1	-0.010882402683344575	-0.4279734671496698	0	0.0011584026833445747	-0.00010353285033021242	0.00007
WONB42_1	-1.2884099525387693	-0.9890430320740083	0	-0.0185430474612307	-0.013886967925991756	0.00007
WONB42_2	-1.3121541316717413	-1.0291534650542025	0	-0.018981868328258766	-0.014919534945797563	0.00007
WONB42_3	-1.3358930760891587	-1.0690512472739084	0	-0.019879923910841146	-0.015594752726091565	0.00007
WONB42_5	-1.379317116895018	-0.9476113946558818	0	-0.02019888310498197	-0.013597605344118135	0.00007
WONB42_B1	-1.323266960277462	-0.9485358503526272	0	-0.019832039722537997	-0.01346314964737283	0.00007
WONB42_B10	-1.417675145268053	-0.9343345420398813	0	-0.0211388547319471	-0.013619457960118653	0.00007
WONB42_B15	-1.3797574990397161	-1.0127077792327617	-4.440892098500626e-16	-0.02040550096028393	-0.01480322076723839	0.00007000000000044408
WONB47_1	-0.6969427349864656	-1.1236097231833175	0	-0.0077532650135343495	-0.012629276816682466	0.00007
WONB47_2	-0.7205825473871271	-1.1750709220308224	0	-0.008292452612872925	-0.014005077969177604	0.00007
WONB47_3	-0.7445071538900101	-1.2264338844441887	0	-0.009337846109989889	-0.015412115555811345	0.00007
WONB47_5	-0.8077759946360287	-1.0993279246386678	0	-0.00957300536397132	-0.012724075361332243	0.00007
WONB47_B2	-0.757617912903155	-1.0766427807913699	0	-0.008032087096844998	-0.011743219208630196	0.00007
WONB47_B5	-0.8002055804166617	-1.038767341539344	0	-0.008922419583338281	-0.011505658460656099	0.00007
WONB47_B9	-0.8540555167663891	-1.0743887375832473	0	-0.010070483233610816	-0.012609262416752642	0.00007
WONB7_1	-2.032048239610302	-1.2188613005678188	-4.440892098500626e-16	-0.031157760389698197	-0.018584699432181218	0.00007000000000044408
WONB7_2	-2.045162930707102	-1.1697685794943906	0	-0.03142706929289796	-0.017321420505609364	0.00007
WONB7_3	-2.057914895812983	-1.120722755612699	0	-0.031752104187016794	-0.016643244387301026	0.00007
WONB7_5	-1.981765399528931	-1.1505856558351895	4.440892098500626e-16	-0.03185560047106906	-0.017625344164810652	0.0000699999999995559
WONB7_B1	-2.0006366688073682	-1.2099073833908451	4.440892098500626e-16	-0.031454331192631635	-0.018303616609154805	0.0000699999999995559
WONB7_B4	-1.9691563600976418	-1.2000912259012573	0	-0.031455639902358	-0.018614774098742792	0.00007
WONB7_B13	-1.9956603931494792	-1.1014504912255219	4.440892098500626e-16	-0.032488606850520796	-0.016821508774478078	0.0000699999999995559
WONB9_1	-1.3947800136586572	-0.410199099949218	0	-0.018128986341342745	-0.004678900050782031	0.00007
WONB9_2	-1.4282109555900766	-0.44094229304488375	0	-0.019270044409923415	-0.005134706955116253	0.00007
WONB9_3	-1.4619590551187025	-0.4715442761133416	0	-0.02000494488129756	-0.005907723886658389	0.00007
WONB9_5	-1.4727282637277825	-0.3450555096984974	0	-0.019899736272217527	-0.0038284903015026184	0.00007
WONB9_B1	-1.4181403816452824	-0.3619428202843037	0	-0.018728618354717508	-0.0041111797156963	0.00007
WONB9_B4	-1.4401553277781245	-0.3142143302328847	0	-0.01901767222187556	-0.0033216697671152873	0.00007
WONB9_B15	-1.4898334557297552	-0.4062663870544243	0	-0.02057754427024472	-0.0048956129455757225	0.00007