WONB20	-1.7829109835666173	-0.43334715647120425	0	-0.027495016433382702	-0.00700684352879577	0.00007
WONB27	-0.8476349755022937	-0.7372863651141371	0	-0.0062150244977062785	-0.006944634885862833	0.00007
WONB33	-1.1080748965110465	-1.1924837533201031	0	-0.016912103488953445	-0.017825246679896933	0.00007
WONB47	-0.1251929309007739	-0.7378012339217888	-4.440892098500626e-16	-0.0008120690992260982	-0.0030517660782112266	0.00007000000000044408
WONB20_1	-1.7523054617074199	-0.5168715083289106	0	-0.02784253829258021	-0.008740491671089368	0.00007
WONB20_2	-1.8106388462847698	-0.4917702046919701	0	-0.02808315371523018	-0.007458795308029897	0.00007
WONB20_3	-1.86957217821651	-0.46697805478657395	0	-0.02905482178349006	-0.0076079452134260594	0.00007
WONB20_5	-1.7539131049381582	-0.37494047079869175	0	-0.026649895061841677	-0.006935529201308244	0.00007
WONB20_B1	-1.7244478210929655	-0.45811912466297233	0	-0.02581117890703455	-0.008182875337027662	0.00007
WONB20_B6	-1.6902673832158435	-0.35837086140794683	0	-0.024646616784156583	-0.006070138592053187	0.00007
WONB20_B11	-1.781480620897455	-0.3195385567152814	4.440892098500626e-16	-0.027081379102545045	-0.005795443284718593	0.0000699999999995559
WONB27_1	-0.9033376570753766	-0.6681590569125105	0	-0.007402342924623384	-0.006698943087489417	0.00007
WONB27_2	-0.839852283122019	-0.6740238737582649	0	-0.006124716877980996	-0.006023126241735066	0.00007
WONB27_3	-0.7767962094724011	-0.6799170240128568	0	-0.004463790527598821	-0.0054949759871432136	0.00007
WONB27_5	-0.8555284796431614	-0.8009264544678772	0	-0.0074115203568386745	-0.008145545532122767	0.00007
WONB27_B1	-0.9110515214603679	-0.7315218526367379	0	-0.007709478539632109	-0.007385147363262123	0.00007
WONB27_B7	-0.8959793817473962	-0.8517159152245134	0	-0.008684618252603804	-0.009148084775486565	0.00007
WONB27_B12	-0.7983351098930016	-0.8272703415727941	0	-0.0066248901069984045	-0.007953658427205856	0.00007
WONB32_1	-2.1525167590384684	-1.0173972035193999	0	-0.034015240961531745	-0.01571879648060004	0.00007
WONB32_2	-2.104156930140408	-1.0521795765789799	0	-0.03368306985959224	-0.016295423421020194	0.00007
WONB32_3	-2.0562118953736506	-1.0872979654133648	4.440892098500626e-16	-0.033249104626349446	-0.016623034586635166	0.0000699999999995559
WONB32_B8	-2.231605316560028	-1.1948019335592865	4.440892098500626e-16	-0.03545368343997213	-0.017190066440713414	0.0000699999999995559
WONB33_1	-1.0758156550247027	-1.1106659352762207	0	-0.015513344975297327	-0.015388064723779404	0.00007
WONB33_2	-1.052152419878996	-1.165484021897847	0	-0.015192580121003996	-0.015513978102152937	0.00007
WONB33_3	-1.0286918221507297	-1.2205386888167526	0	-0.015304177849270184	-0.016829311183247375	0.00007
WONB33_5	-1.1630041377593987	-1.2187610870108627	0	-0.01766786224060124	-0.016459912989137182	0.00007
WONB33_B1	-1.131423018616245	-1.137290037901146	0	-0.015518981383754848	-0.015091962098854106	0.00007
WONB33_B8	-1.2218555653488248	-1.23170952983668	0	-0.01939743465117516	-0.018276470163320013	0.00007
WONB33_B13	-1.1398951015122698	-1.274187886611682	0	-0.017025898487730284	-0.01755111338831794	0.00007
WONB38_5	-0.010076250790950494	-0.029293428525240126	0	0.000028250790950494833	-0.00035657147475987375	0.00007
WONB38_B9	-0.06622757820064387	-0.031820393409323744	0	0.0001225782006438747	-0.00040560659067625376	0.00007
WONB38_B14	-0.0015936064015929369	-0.08435095293861825	0	0.00023560640159293682	-0.0004980470613817484	0.00007
WONB47_1	-0.15069195157413387	-0.6592844336684116	0	-0.000845048425866135	-0.0026335663315883995	0.00007
WONB47_2	-0.09936841581639283	-0.6853469704269204	0	-0.0006175841836071755	-0.0026120295730795995	0.00007
WONB47_3	-0.048112905224004236	-0.7110281912684815	0	-0.0004540947759957628	-0.0027668087315184664	0.00007
WONB47_5	-0.1512747390436821	-0.7903422814953478	0	-0.0011182609563178958	-0.00373771850465221	0.00007
WONB47_B2	-0.1822893607508231	-0.7302285315135715	0	-0.001318639249176884	-0.003634468486428566	0.00007
WONB47_B5	-0.2086441373593365	-0.7830487567779884	0	-0.001471862640663485	-0.0040172432220116905	0.00007
WONB47_B9	-0.16507191921978698	-0.8477917371052204	0	-0.0013580807802130168	-0.004482262894779598	0.00007