WONB3	-0.34948389989951095	-0.17784917104540035	0	-0.00027810010048906486	0.0001091710454003414	0.00007
WONB4	-0.9244210806623245	-0.8626681866411969	4.440892098500626e-16	-0.01010091933767543	-0.009628813358803057	0.0000699999999995559
WONB5	-1.9179192430320113	-0.18896517423214032	0	-0.03210375696798873	-0.0031428257678596805	0.00007
WONB22	-1.719994631918367	-0.6911595229229226	0	-0.02881336808163293	-0.011411477077077348	0.00007
WONB25	-0.04805849183808165	-0.7156050914365509	0	0.000008491838081645109	-0.0019569085634491	0.00007
WONB38	-1.302576461186422	-0.03654922814320014	-4.440892098500626e-16	-0.015507538813578137	-0.0006457718567998566	0.00007000000000044408
WONB22_1	-1.721641216144968	-0.7749765948766123	0	-0.029010783855032196	-0.01366740512338771	0.00007
WONB22_2	-1.771461391602536	-0.7439102000007474	4.440892098500626e-16	-0.02936460839746413	-0.013238799999252593	0.0000699999999995559
WONB22_3	-1.820761005810174	-0.7134544126999866	-4.440892098500626e-16	-0.03060099418982598	-0.011701587300013472	0.00007000000000044408
WONB22_5	-1.6689082324513462	-0.6409613067648916	0	-0.027208767548653867	-0.010550693235108377	0.00007
WONB22_B1	-1.6712063199934735	-0.7211240790639667	-4.440892098500626e-16	-0.027220680006526443	-0.01188292093603327	0.00007000000000044408
WONB22_B6	-1.6000696042344689	-0.6324864961422633	4.440892098500626e-16	-0.025653395765531162	-0.010087503857736713	0.0000699999999995559
WONB22_B13	-1.7177405229431852	-0.6118196938138448	-4.440892098500626e-16	-0.027681477056814785	-0.00999730618615513	0.00007000000000044408
WONB25_1	-0.06873896853033917	-0.8015544325819206	-4.440892098500626e-16	-0.000055031469660821175	-0.003140567418079443	0.00007000000000044408
WONB25_2	-0.10565995373299045	-0.7500715376908934	4.440892098500626e-16	0.00003895373299044047	-0.0023874623091065805	0.0000699999999995559
WONB25_3	-0.1421418811878013	-0.6997386852292137	4.440892098500626e-16	0.0000928811878012914	-0.0021643147707863797	0.0000699999999995559
WONB25_B1	-0.010609517137851486	-0.7659552910441589	4.440892098500626e-16	-0.0000554828621485131	-0.0024277089558411014	0.0000699999999995559
WONB38_1	-1.3846057621682426	-0.07284698627552097	0	-0.017442237831757357	-0.0014610137244790294	0.00007
WONB38_2	-1.3575733950704831	-0.02809754751335864	0	-0.01673360492951681	-0.0007424524866413602	0.00007
WONB38_5	-1.2468736816719397	-0.04685883397561169	0	-0.013858318328060282	-0.0007011660243883069	0.00007
WONB38_B1	-1.329371981522671	-0.08155205696110145	0	-0.01632701847732898	-0.0012299430388985483	0.00007
WONB38_B9	-1.186327343739453	-0.04742788269180738	0	-0.01232865626054691	-0.0005961173081926174	0.00007
WONB38_B14	-1.2409828297975152	-0.0014328991330310372	0	-0.013814170202484766	0.00006889913303103723	0.00007
WONB3_1	-0.3892086573452802	-0.11985314675871898	0	-0.00033934265471979863	0.0001531467587189833	0.00007
WONB3_2	-0.3307285922843978	-0.13179655679846464	0	-0.00006240771560217517	0.00023955679846462963	0.00007
WONB3_3	-0.27215767799029394	-0.1451593779250657	0	-0.000037322009706075576	0.0003693779250656948	0.00007
WONB3_5	-0.368752597224757	-0.22509223653497118	0	-0.0002474027752429886	-0.000012763465028819976	0.00007
WONB3_B1	-0.40848989854010936	-0.1650341030074788	0	-0.00042210145989063363	0.00011710300747880265	0.00007
WONB3_B4	-0.42820697059918617	-0.21143333288877253	0	-0.0004880294008138275	0.0000033328887725225798	0.00007
WONB3_B9	-0.37414034978823263	-0.275531441842068	0	-0.00042565021176738105	0.00008944184206799433	0.00007
WONB4_1	-0.9379003502917745	-0.9552217742367192	0	-0.010671649708225428	-0.011930225763280844	0.00007
WONB4_2	-0.9811073503654748	-0.9105661006048662	4.440892098500626e-16	-0.011284649634525246	-0.011014899395133781	0.0000699999999995559
WONB4_3	-1.0237120439681853	-0.8667670594381116	-4.440892098500626e-16	-0.012093956031814734	-0.010839940561888417	0.00007000000000044408
WONB4_5	-0.868211530767315	-0.8162759274544458	0	-0.008386469232684934	-0.008259072545554247	0.00007
WONB4_B1	-0.8812362729927155	-0.9059357911552945	-4.440892098500626e-16	-0.009434727007284538	-0.010293208844705415	0.00007000000000044408
WONB4_B4	-0.8248975235368255	-0.8587480536433748	0	-0.007883476463174444	-0.008595946356625195	0.00007
WONB4_B10	-0.8441701185037435	-0.7553619892402464	0	-0.007529881496256552	-0.006988010759753527	0.00007
WONB5_1	-1.9624539923386117	-0.14233916783303568	0	-0.032700007661388364	-0.002626832166964327	0.00007
WONB5_2	-1.900359790517617	-0.14063632338945853	0	-0.031238209482382873	-0.002067676610541469	0.00007
WONB5_3	-1.8386139255754792	-0.13963849250416438	0	-0.029822074424520784	-0.0025065074958356137	0.00007
WONB5_5	-1.9357251209524269	-0.2384400250488816	0	-0.032860879047573066	-0.0043109749511184015	0.00007
WONB5_B1	-1.9805832004398418	-0.19020670054969835	0	-0.03315979956015802	-0.003118299450301648	0.00007
WONB5_B4	-1.9988605888036837	-0.23948141062326764	0	-0.034241411196316296	-0.0044765893767323706	0.00007
WONB5_B11	-1.897273572557938	-0.2683713510862442	0	-0.032089427442062	-0.004650648913755773	0.00007