WONB25	-1.0736383401760365	-0.43114846494565406	0	-0.015924659823963516	-0.004295535054345934	0.00007
WONB30	-1.0866944846785573	-1.0444793711816618	-4.440892098500626e-16	-0.014275515321442667	-0.012916628818338216	0.00007000000000044408
WONB40	-1.990514184995423	-0.6096282524135728	0	-0.03293081500457706	-0.009879747586427179	0.00007
WONB46	-0.31170954454119215	-0.9747727308279814	0	-0.002629455458807828	-0.00673526917201861	0.00007
WONB25_1	-1.1621182788856583	-0.46634862572390823	0	-0.018738721114341717	-0.007833374276091765	0.00007
WONB25_2	-1.1310861054107872	-0.4159624233912752	0	-0.017647894589212676	-0.005111576608724799	0.00007
WONB25_3	-1.1004918200186826	-0.3667651494284323	0	-0.016837179981317396	-0.005744850571567706	0.00007
WONB25_5	-1.015113617313418	-0.44821225778980134	0	-0.014528382686581853	-0.00476474221019868	0.00007
WONB25_B1	-1.1041187677482422	-0.481490336889445	0	-0.016103232251757804	-0.006107663110554995	0.00007
WONB25_B7	-0.9812221028460266	-0.490078751870772	0	-0.013314897153973382	-0.0063082481292280335	0.00007
WONB25_B10	-0.9497734548664509	-0.43597667229038595	0	-0.012645545133549096	-0.005661327709614028	0.00007
WONB26_5	-1.7301844578066696	-1.0846289583025674	4.440892098500626e-16	-0.024456542193330266	-0.014385041697432488	0.0000699999999995559
WONB26_B7	-1.6628454522248364	-1.1021974647902952	4.440892098500626e-16	-0.022759547775163647	-0.014535535209704742	0.0000699999999995559
WONB26_B11	-1.6868149529744412	-1.0223351819586428	0	-0.025072047025558764	-0.014394818041357116	0.00007
WONB29_5	-2.220195704080204	-0.07077383991622185	0	-0.041101295919796055	-0.0034111600837781475	0.00007
WONB29_B7	-2.1754137253348804	-0.09107326900834459	0	-0.03943827466511962	-0.002280730991655419	0.00007
WONB29_B14	-2.2271115289692043	-0.030492264483964963	0	-0.0416314710307959	-0.0016807355160350368	0.00007
WONB30_1	-1.1851585629814914	-1.032177856016739	4.440892098500626e-16	-0.01583943701850865	-0.01377814398326116	0.0000699999999995559
WONB30_2	-1.1193528752018336	-0.9928676454209622	0	-0.01464912479816638	-0.012874354579037739	0.00007
WONB30_3	-1.053672885637116	-0.9543382991937635	-4.440892098500626e-16	-0.013673114362883876	-0.010685700806236542	0.00007000000000044408
WONB30_5	-1.0527084966730385	-1.0987701327878499	0	-0.013272503326961615	-0.012687867212150206	0.00007
WONB30_B1	-1.152764645718105	-1.0847041912588018	0	-0.015157354281894797	-0.013829808741198102	0.00007
WONB30_B7	-1.0591884677904184	-1.1683301057467164	-4.440892098500626e-16	-0.013467532209581634	-0.014652894253283533	0.00007000000000044408
WONB30_B15	-1.0136519653919742	-1.024246991047504	4.440892098500626e-16	-0.012707034608025802	-0.012425008952495986	0.0000699999999995559
WONB40_1	-2.050782003552543	-0.6867215770954151	0	-0.03204799644745693	-0.010803422904584803	0.00007
WONB40_2	-2.0612684234484595	-0.6349529391366935	0	-0.032606576551540645	-0.011082060863306542	0.00007
WONB40_3	-2.071769359955117	-0.5826164592581735	0	-0.03387564004488297	-0.010334540741826492	0.00007
WONB40_5	-1.920961169964737	-0.5846670881553279	0	-0.03225683003526281	-0.009502911844672113	0.00007
WONB40_B1	-1.9800382183878513	-0.6607598900499065	0	-0.03216578161214878	-0.01060510995009345	0.00007
WONB40_B10	-1.8687470513990176	-0.5377616319493583	0	-0.031984948600982444	-0.009243368050641632	0.00007
WONB40_B13	-1.932312797813738	-0.5339801704448873	0	-0.03272020218626204	-0.009129829555112656	0.00007
WONB46_1	-0.41165038699311796	-0.976540435098059	0	-0.0035006130068820362	-0.008472564901941038	0.00007
WONB46_2	-0.35931831945659215	-0.9312884680057748	0	-0.003114680543407855	-0.007627531994225167	0.00007
WONB46_3	-0.30775287339628415	-0.8861804359436952	0	-0.0027331266037158297	-0.0049235640563047856	0.00007
WONB46_5	-0.26302750332028846	-1.021447780117919	4.440892098500626e-16	-0.001762496679711567	-0.00801621988208101	0.0000699999999995559
WONB46_B2	-0.3454728794200689	-1.033252934683654	0	-0.002545120579931115	-0.008624065316345852	0.00007
WONB46_B5	-0.2964145393566312	-1.0810644495916515	-4.440892098500626e-16	-0.002181460643368771	-0.00945855040834842	0.00007000000000044408
WONB46_B8	-0.22673039339253676	-1.0781680424376945	0	-0.0013836066074632558	-0.00976795756230553	0.00007
WONB4_1	-1.6430019277988857	-0.06924339183395883	0	-0.03319207220111431	-0.00325560816604116	0.00007
WONB4_2	-1.621294890549353	-0.025143004295545363	0	-0.03220510945064703	0.002609004295545364	0.00007