WONB15	-0.7397234137406083	-1.093223676291504	-4.440892098500626e-16	-0.006992586259391698	-0.010133323708495956	0.00007000000000044408
WONB32	-0.23459922977448366	-0.0560357355009566	0	-0.000010770225516348875	-0.000487264499043398	0.00007
WONB35	-1.3658378540576628	-0.5135474593186706	4.440892098500626e-16	-0.016038145942337323	-0.005850540681329397	0.0000699999999995559
WONB43	-0.762304191946711	-0.301046929371118	0	-0.002722808053289061	-0.0007820706288820256	0.00007
WONB10_B1	-0.004794678119562662	-0.9937985723001939	0	0.0000026781195626617363	-0.005388427699806186	0.00007
WONB10_B5	-0.019576924764921316	-1.0848720416043571	4.440892098500626e-16	-0.00022207523507868435	-0.0066369583956429334	0.0000699999999995559
WONB15_1	-0.8433799750969726	-1.124663131027309	0	-0.008747024903027367	-0.011645868972691042	0.00007
WONB15_2	-0.8017812117108505	-1.0621041625140537	0	-0.008716788289149568	-0.010281837485946355	0.00007
WONB15_3	-0.7617544568253495	-1.0013870555060824	0	-0.006874543174650527	-0.008677944493917567	0.00007
WONB15_5	-0.6763016314614992	-1.1256121941722	4.440892098500626e-16	-0.006775368538500803	-0.01057880582780002	0.0000699999999995559
WONB15_B1	-0.7805346272007265	-1.1553668822913954	0	-0.00817237279927352	-0.011443117708604511	0.00007
WONB15_B5	-0.6935500603677839	-1.1956803359426698	0	-0.007380939632216088	-0.011974664057330164	0.00007
WONB15_B13	-0.6369682989220036	-1.064287789855957	0	-0.005754701077996471	-0.008885210144042865	0.00007
WONB32_1	-0.30221160599909974	-0.013924276922239303	0	-0.00024039400090025698	-0.0003587230777606972	0.00007
WONB32_2	-0.24251258846651647	-0.00878607017911696	0	-0.00005641153348354133	-0.0003599298208830388	0.00007
WONB32_3	-0.18270540070122274	-0.002264860730832992	0	-0.0002845992987772772	-0.0005091392691670082	0.00007
WONB32_5	-0.22645769846880315	-0.10460213115827773	0	-0.000004301531196848618	-0.00026986884172228165	0.00007
WONB32_B1	-0.29476901438031355	-0.06129169269803605	0	-0.00016898561968642367	-0.00038530730196395524	0.00007
WONB32_B8	-0.23229244633285967	-0.1536699393213312	0	0.00009944633285965954	-0.00048406067866882396	0.00007
WONB32_B12	-0.16631846146498658	-0.11368850647895769	0	0.0001764614649865659	-0.00048349352104230803	0.00007
WONB35_1	-1.4139776731129516	-0.45198925011420366	0	-0.016959326887048265	-0.005332749885796351	0.00007
WONB35_2	-1.3475147726330967	-0.4569014552165309	0	-0.015156227366903252	-0.004859544783469061	0.00007
WONB35_3	-1.2805937155194782	-0.4620281420609058	0	-0.013897284480521854	-0.004796857939094179	0.00007
WONB35_5	-1.3837612551377827	-0.5726542216526331	4.440892098500626e-16	-0.0163927448622172	-0.0072477783473668955	0.0000699999999995559
WONB35_B1	-1.4329292265043	-0.5086846104258762	4.440892098500626e-16	-0.017820773495699882	-0.006480389574123779	0.0000699999999995559
WONB35_B8	-1.4171850211848178	-0.6317123971762048	-4.440892098500626e-16	-0.017356978815182167	-0.007590602823795201	0.00007000000000044408
WONB35_B15	-1.3081398077996869	-0.5371746521407474	0	-0.014469192200313064	-0.0059403478592525705	0.00007
WONB43_1	-0.8535180919468123	-0.3013959854109366	-4.440892098500626e-16	-0.003897908053187682	-0.0013650145890634069	0.00007000000000044408
WONB43_2	-0.8025665452128603	-0.26420475424545253	0	-0.0031984547871396485	-0.0008582457545474598	0.00007
WONB43_3	-0.7522055678091767	-0.2270613677536562	4.440892098500626e-16	-0.0024324321908233415	-0.0008826322463438008	0.0000699999999995559
WONB43_5	-0.7211407281040556	-0.3402132303615676	0	-0.0022202718959444256	-0.0009537696384324112	0.00007
WONB43_B1	-0.8137833014117736	-0.3382495505764199	0	-0.0028236985882263976	-0.0013284494235800692	0.00007
WONB43_B11	-0.6558914564536829	-0.3349774308316995	-4.440892098500626e-16	-0.0015895435463171292	-0.0005315691683004942	0.00007000000000044408
WONB43_B14	-0.6871006964380156	-0.29204387101279383	0	-0.001504303561984388	-0.000471128987206193	0.00007
WONB45_3	-1.7336937918935562	0.00018055927038598818	-4.440892098500626e-16	-0.02560120810644384	0.0003674407296140118	0.00007000000000044408
WONB45_B12	-1.8861707632325628	-0.01841172809957672	0	-0.02826223676743722	0.0003687280995767206	0.00007
WONB45_B15	-1.8207732640401904	-0.008518469159404688	0	-0.027218735959809726	0.0002544691594046876	0.00007