WONB10	-0.5760382453991768	-0.950307301750374	4.440892098500626e-16	-0.002742754600823183	-0.007576698249625924	0.0000699999999995559
WONB15	-1.0977543981379259	-0.5217335128523727	-4.440892098500626e-16	-0.009060601862074247	-0.004102487147627287	0.00007000000000044408
WONB32	-0.037955629231968276	-0.03303413068809495	0	-0.0001643707680317255	0.00044413068809495	0.00007
WONB10_1	-0.5560973692520751	-0.8638699530681898	0	-0.0020656307479248737	-0.006087046931810169	0.00007
WONB10_2	-0.5233829821566415	-0.9162081949893599	0	-0.0024140178433584847	-0.006729805010640133	0.00007
WONB10_3	-0.49058748777871247	-0.9687262836255153	0	-0.0021775122212875364	-0.007209716374484754	0.00007
WONB10_5	-0.628306049363677	-0.9841128038740867	0	-0.003849950636323096	-0.008491196125913314	0.00007
WONB10_B1	-0.6083762190837122	-0.8974359623857753	0	-0.003103780916287824	-0.006708037614224671	0.00007
WONB10_B5	-0.6761109290082641	-0.9455251922598181	0	-0.0044490709917359705	-0.00794780774018189	0.00007
WONB10_B8	-0.6867679359732937	-1.0052551620356063	0	-0.004579064026706381	-0.009551837964393739	0.00007
WONB15_1	-1.1737730232883081	-0.4819743642409984	0	-0.010817976711691824	-0.004010635759001624	0.00007
WONB15_2	-1.1142722840281802	-0.4633026611460078	0	-0.009616715971819678	-0.003234338853992158	0.00007
WONB15_3	-1.0553229231511578	-0.4443642020810519	0	-0.008191076848842238	-0.0031427979189481148	0.00007
WONB15_5	-1.0799967763318072	-0.580230023017316	0	-0.009124223668192766	-0.0051349769826840586	0.00007
WONB15_B1	-1.1572323938765132	-0.5406014260391648	0	-0.010926606123486726	-0.004601573960835159	0.00007
WONB15_B5	-1.1306261878495578	-0.6172490801074322	0	-0.010139812150442129	-0.005853919892567783	0.00007
WONB15_B13	-1.020602026772468	-0.5612255426287432	0	-0.007530973227531934	-0.004541457371256774	0.00007
WONB32_5	-0.07374749596826391	-0.08112388678405814	0	-0.00012150403173609436	0.0003758867840581437	0.00007
WONB32_B1	-0.08573206591630375	0.002463010628241627	0	-0.00027993408369625383	0.0006129893717583732	0.00007
WONB32_B8	-0.1194167151459509	-0.11977574989544179	0	0.000024715145950898743	0.00032474989544178934	0.00007
WONB32_B12	-0.040120585983368394	-0.13042968865927884	0	-0.00010241401663160787	0.00036368865927885463	0.00007
WONB43_B11	-0.5513336867427772	0.0005662972297017926	0	-0.00037531325722284237	0.0006717027702982073	0.00007