WONB20	-0.9384386537446379	-0.4506321066364458	0	-0.007325346255362186	-0.0023638933635541926	0.00007
WONB24	-1.6286398066108418	-1.1406561946813678	4.440892098500626e-16	-0.026689193389158206	-0.016228805318632133	0.0000699999999995559
WONB26	-1.6665090000341163	-0.12633535599671006	0	-0.023415999965883616	-0.0007256440032899492	0.00007
WONB30	-1.4607136924036557	-0.37859260862969846	0	-0.01888230759634424	-0.0034393913703015255	0.00007
WONB32	-0.24656006709301437	-0.9487807303441245	-4.440892098500626e-16	-0.001057932906985637	-0.005225269655875553	0.00007000000000044408
WONB37	-0.7161798011782311	-1.0727691825439198	0	-0.007312198821768923	-0.010081817456080167	0.00007
WONB46	-1.2053707662161626	-0.695790672328334	0	-0.015063233783837449	-0.006519327671665964	0.00007
WONB20_1	-0.8842846025870056	-0.42770298452820443	0	-0.006353397412994455	-0.001925015471795577	0.00007
WONB20_2	-0.9017468425997718	-0.4801806060146969	0	-0.007015157400228178	-0.0025863939853030815	0.00007
WONB20_3	-0.9195578643190887	-0.5325415912551884	0	-0.007839135680911324	-0.0033414087448115914	0.00007
WONB20_5	-0.9720233331101023	-0.4212560667252675	0	-0.008319666889897714	-0.002208933274732483	0.00007
WONB20_B1	-0.9213319150846713	-0.3982514388112648	0	-0.006980084915328755	-0.0019575611887351907	0.00007
WONB20_B6	-0.9792387018922362	-0.3626497913218901	-4.440892098500626e-16	-0.007951298107763849	-0.0018502086781098659	0.00007000000000044408
WONB20_B11	-1.005288446429451	-0.44358750095434907	0	-0.009115553570549162	-0.0026664990456509163	0.00007
WONB24_1	-1.6606712248497855	-1.1402415319287502	0	-0.02695777515021458	-0.01569846807124975	0.00007
WONB24_2	-1.646845822737992	-1.1085166246219513	0	-0.027310177262007906	-0.015026375378048629	0.00007
WONB24_3	-1.6321371333513635	-1.0769307237158576	-4.440892098500626e-16	-0.027292866648636505	-0.015152276284142285	0.00007000000000044408
WONB25_B7	-1.2991046772508177	-0.04062646700598565	0	-0.013669322749182422	0.00006346700598564708	0.00007
WONB25_B10	-1.2733628498783682	-0.01200331440076723	0	-0.012977150121631809	0.0004723144007672299	0.00007
WONB26_1	-1.6949003119422243	-0.15245506901011144	4.440892098500626e-16	-0.024795688057775545	-0.001097930989888557	0.0000699999999995559
WONB26_2	-1.688185192365474	-0.11097365579179125	0	-0.024114807634525892	-0.0005603442082087462	0.00007
WONB26_3	-1.6801385931111288	-0.06974970747178091	-4.440892098500626e-16	-0.023833406888871256	0.00006170747178091407	0.00007000000000044408
WONB26_5	-1.6420193046545506	-0.14150926964067428	0	-0.023417695345449463	-0.0007327303593257228	0.00007
WONB26_B1	-1.674301809520951	-0.1676150735538478	-4.440892098500626e-16	-0.023830190479048996	-0.0014549264461521938	0.00007000000000044408
WONB26_B7	-1.6255604731180546	-0.17717450986443184	0	-0.022737526881945413	-0.002180490135568147	0.00007
WONB26_B11	-1.6207118356660375	-0.11844029581968513	4.440892098500626e-16	-0.022394164333962463	-0.000410704180314872	0.0000699999999995559
WONB30_1	-1.4849750343411177	-0.32809692917061917	0	-0.019481965658882272	-0.0029280708293808466	0.00007
WONB30_2	-1.4586202549262368	-0.3318966155697315	0	-0.018850745073763164	-0.0031603844302685036	0.00007
WONB30_3	-1.4313415978562392	-0.33602490630378945	4.440892098500626e-16	-0.017964402143760827	-0.003828093696210566	0.0000699999999995559
WONB30_5	-1.4604307758340103	-0.42496713907776995	-4.440892098500626e-16	-0.01918922416598967	-0.0044848609222300495	0.00007000000000044408
WONB30_B1	-1.4866453174234577	-0.3743366065656607	0	-0.01995268257654237	-0.0034573934343393176	0.00007
WONB30_B7	-1.4741232892168812	-0.4617769015825194	4.440892098500626e-16	-0.01964671078311886	-0.004512098417480626	0.0000699999999995559
WONB30_B15	-1.4355284569512838	-0.39791742923702056	0	-0.01910954304871626	-0.004055570762979466	0.00007
WONB32_1	-0.3119411729595712	-0.9469305663170833	-4.440892098500626e-16	-0.0016558270404288256	-0.0052424336829167695	0.00007000000000044408
WONB32_2	-0.28289144445150394	-0.9040721167536967	0	-0.001300555548496063	-0.004555883246303294	0.00007
WONB32_3	-0.254774843705264	-0.8606198021257498	0	-0.0010341562947360217	-0.004117197874250134	0.00007
WONB32_5	-0.20926606120169722	-0.9943152274546019	0	-0.0010499387983027852	-0.005856772545398181	0.00007
WONB32_B1	-0.2760961615311979	-0.9918405580467343	0	-0.0015578384688020863	-0.006012441953265668	0.00007
WONB32_B8	-0.17967667487020553	-1.049017947095496	0	-0.0010393251297944606	-0.007049052904504194	0.00007
WONB32_B12	-0.1701509696688767	-0.9686834787418019	0	-0.0007880303311233183	-0.005496521258198106	0.00007
WONB33_B8	-0.10437057780725395	-0.016865635927662638	0	0.0007625778072539446	0.00003963592766263735	0.00007
WONB37_1	-0.6639966612113589	-1.0395725632140114	0	-0.005253338788641093	-0.009284436785988559	0.00007
WONB37_2	-0.6728766436214287	-1.0925161403412704	-4.440892098500626e-16	-0.007016356378571231	-0.01031485965872947	0.00007000000000044408
WONB37_3	-0.6817080677029643	-1.1455421077431158	0	-0.0077149322970356815	-0.011392892256884224	0.00007
WONB37_5	-0.7538450378306466	-1.0516546089338106	0	-0.008057962169353394	-0.00999339106618935	0.00007
WONB37_B1	-0.7073498761144758	-1.019893470836144	4.440892098500626e-16	-0.0071531238855242485	-0.00934052916385597	0.0000699999999995559
WONB37_B9	-0.7888004586915222	-1.042539553408062	0	-0.008888541308477826	-0.010062446591938112	0.00007
WONB37_B13	-0.7625606827790082	-1.1040583182093624	0	-0.008729317220991795	-0.011024681790637647	0.00007
WONB46_1	-1.2363311639220524	-0.6461392774668571	0	-0.015371836077947565	-0.005894722533142938	0.00007
WONB46_2	-1.2073161607153446	-0.6454606298207778	0	-0.01473783928465533	-0.0060173701792222145	0.00007
WONB46_3	-1.1776768831227913	-0.6444698844376224	0	-0.01365611687720869	-0.0055361155623775415	0.00007
WONB46_5	-1.2010199333069977	-0.7461759476393282	-4.440892098500626e-16	-0.015744066693002212	-0.007152052360671846	0.00007000000000044408
WONB46_B2	-1.232092857447089	-0.712525958631535	0	-0.01590314255291103	-0.006424041368464972	0.00007
WONB46_B5	-1.2272045074383289	-0.762413987294492	-4.440892098500626e-16	-0.01646449256167104	-0.007661012705508008	0.00007000000000044408
WONB46_B8	-1.2036958313965351	-0.795257654427354	-4.440892098500626e-16	-0.01601416860346494	-0.008195345572646007	0.00007000000000044408