WONB2	-1.2365422201679508	-0.24115305714364968	-4.440892098500626e-16	-0.012600779832049103	-0.0023169428563503125	0.00007000000000044408
WONB9	-0.46579911592528395	-0.4623072926567747	4.440892098500626e-16	-0.0006428840747160769	-0.0020787073432252945	0.0000699999999995559
WONB12	-1.6239387499387363	-1.0346758350246077	0	-0.027872250061263593	-0.01635916497539225	0.00007
WONB23	-2.00209474801557	-0.28640362181118073	-4.440892098500626e-16	-0.03188925198442982	-0.0036963781888192937	0.00007000000000044408
WONB12_1	-1.5111169885723637	-0.9888280664427963	4.440892098500626e-16	-0.024093011427636313	-0.015052933557203718	0.0000699999999995559
WONB12_2	-1.5547872132837282	-1.0606801773902403	0	-0.026686786716271893	-0.01654882260975965	0.00007
WONB12_3	-1.6006533834148629	-1.1330433308050394	0	-0.02770461658513712	-0.01788266919496051	0.00007
WONB12_5	-1.688954661734333	-1.011046967314259	0	-0.02910433826566705	-0.015011032685740888	0.00007
WONB12_B1	-1.5783702976518168	-0.9637573712257883	4.440892098500626e-16	-0.02706170234818317	-0.014423628774211661	0.0000699999999995559
WONB12_B5	-1.6675672030998414	-0.9371841680944769	4.440892098500626e-16	-0.028912796900158577	-0.014254831905523124	0.0000699999999995559
WONB12_B10	-1.7697923342155975	-1.0286890666233894	0	-0.029198665784402555	-0.01636593337661063	0.00007
WONB23_1	-1.9054770356861062	-0.2975174348937959	4.440892098500626e-16	-0.030872964313893858	-0.003799565106204106	0.0000699999999995559
WONB23_2	-1.9737272204246747	-0.3323717398728224	0	-0.03162677957532534	-0.004311260127177585	0.00007
WONB23_3	-2.043023548236288	-0.3687541905268089	4.440892098500626e-16	-0.03355145176371188	-0.005511809473191076	0.0000699999999995559
WONB23_5	-2.028644104732562	-0.24290816674535443	0	-0.03185589526743815	-0.0037518332546455646	0.00007
WONB23_B1	-1.9339941058120762	-0.25117846414566075	-4.440892098500626e-16	-0.03111489418792379	-0.0032005358543392703	0.00007000000000044408
WONB23_B6	-1.9914778153840502	-0.1903069604650148	4.440892098500626e-16	-0.0314341846159496	-0.0023720395349851875	0.0000699999999995559
WONB23_B14	-2.084243257560206	-0.2905755982271436	-4.440892098500626e-16	-0.03370974243979408	-0.0033624017728563493	0.00007000000000044408
WONB2_1	-1.1782701084284743	-0.17013593095987495	0	-0.010105891571525749	-0.001292069040125049	0.00007
WONB2_2	-1.1678850908877116	-0.22064996279465465	0	-0.010808909112288267	-0.0019320372053453494	0.00007
WONB2_3	-1.1573897264610664	-0.27197616633641575	0	-0.010352273538933643	-0.0031158336635842554	0.00007
WONB2_5	-1.304598944462907	-0.263324930667846	4.440892098500626e-16	-0.015054055537093047	-0.002779069332153994	0.0000699999999995559
WONB2_B1	-1.2462949036518698	-0.18992125328610615	0	-0.012345096348130191	-0.0015787467138938527	0.00007
WONB2_B4	-1.3140748495014147	-0.21152396014044905	4.440892098500626e-16	-0.015112150498585164	-0.0020330398595509447	0.0000699999999995559
WONB2_B8	-1.3739647818141416	-0.27258020340417977	0	-0.016091218185858347	-0.0033307965958202512	0.00007
WONB31_1	-0.8784025039325054	-1.1986641842957395	0	-0.012761496067494549	-0.0162488157042604	0.00007
WONB31_2	-0.8653574376865053	-1.2769453174981031	0	-0.01348356231349468	-0.018973682501896905	0.00007
WONB31_B1	-0.9600975409166461	-1.221180243229204	-4.440892098500626e-16	-0.014483459083353911	-0.017634756770795956	0.00007000000000044408
WONB33_3	-0.1265834499539055	-0.011792065755746692	0	0.00018644995390548758	0.0008370657557466923	0.00007
WONB42_5	0.004320240206917174	-0.9503228499753456	0	0.00006275979308282588	-0.006490150024654473	0.00007
WONB42_B10	-0.06713402762736323	-0.9834944042539628	4.440892098500626e-16	-0.0006279723726367731	-0.00748759574603719	0.0000699999999995559
WONB9_1	-0.36847174932454985	-0.42902262719103623	0	-0.0007312506754501569	-0.0009333728089637727	0.00007
WONB9_2	-0.4008983933533679	-0.485715534272099	-4.440892098500626e-16	-0.0009406066466320917	-0.0014584657279009816	0.00007000000000044408
WONB9_3	-0.43406924997870583	-0.5431894288714656	4.440892098500626e-16	-0.0012197500212941526	-0.002245571128534407	0.0000699999999995559
WONB9_5	-0.5301289436788662	-0.4395282234711919	0	-0.0015640563211337666	-0.0014047765288081049	0.00007
WONB9_B1	-0.4329944875693534	-0.4056606957239277	0	-0.0006605124306466315	-0.0010003042760722836	0.00007
WONB9_B4	-0.49658699920171906	-0.3836129283830425	0	-0.001093000798280952	-0.001335071616957506	0.00007
WONB9_B15	-0.5189719950215023	-0.5082264399925368	4.440892098500626e-16	-0.001632004978497692	-0.0021315600074631735	0.0000699999999995559